1/21/2026 5:14:15 PM: Starting compilation
1/21/2026 5:14:15 PM: Found 70 .as files
1/21/2026 5:14:15 PM: Main file: Main.as
1/21/2026 5:14:15 PM: Created 3 MovieClip classes for images
1/21/2026 5:14:18 PM: Exit code: 0
1/21/2026 5:14:18 PM: Compilation complete
1/21/2026 5:16:26 PM: Starting compilation
1/21/2026 5:16:26 PM: Found 70 .as files
1/21/2026 5:16:26 PM: Main file: Main.as
1/21/2026 5:16:26 PM: Created 3 MovieClip classes for images
1/21/2026 5:16:29 PM: Exit code: 0
1/21/2026 5:16:29 PM: Compilation complete
1/21/2026 5:39:44 PM: Starting compilation
1/21/2026 5:39:44 PM: Found 9 .as files
1/21/2026 5:39:44 PM: Main file: Main.as
1/21/2026 5:39:44 PM: Created 4 MovieClip classes for images
1/21/2026 5:39:46 PM: Exit code: 0
1/21/2026 5:39:46 PM: Compilation complete
1/21/2026 5:57:57 PM: Starting compilation
1/21/2026 5:57:57 PM: Found 9 .as files
1/21/2026 5:57:57 PM: Main file: Main.as
1/21/2026 5:57:57 PM: Created 4 MovieClip classes for images
1/21/2026 5:58:00 PM: Exit code: 0
1/21/2026 5:58:00 PM: Compilation complete
1/21/2026 6:29:00 PM: Starting compilation
1/21/2026 6:29:00 PM: Found 10 .as files
1/21/2026 6:29:00 PM: Main file: Main.as
1/21/2026 6:29:00 PM: Created 4 MovieClip classes for images
1/21/2026 6:29:03 PM: Exit code: 0
1/21/2026 6:29:03 PM: Compilation complete
1/21/2026 6:58:45 PM: Starting compilation
1/21/2026 6:58:45 PM: Found 10 .as files
1/21/2026 6:58:45 PM: Main file: Main.as
1/21/2026 6:58:45 PM: Created 4 MovieClip classes for images
1/21/2026 6:58:48 PM: Exit code: 0
1/21/2026 6:58:48 PM: Compilation complete
1/21/2026 7:02:42 PM: Starting compilation
1/21/2026 7:02:42 PM: Found 10 .as files
1/21/2026 7:02:42 PM: Main file: EventAsset_CherishBall.as
1/21/2026 7:02:42 PM: Created 4 MovieClip classes for images
1/21/2026 7:02:44 PM: Exit code: 0
1/21/2026 7:02:44 PM: Compilation complete
1/21/2026 7:05:24 PM: Starting compilation
1/21/2026 7:05:24 PM: Found 10 .as files
1/21/2026 7:05:24 PM: Main file: ExternalEvents.as
1/21/2026 7:05:24 PM: Created 4 MovieClip classes for images
1/21/2026 7:05:26 PM: Exit code: 0
1/21/2026 7:05:26 PM: Compilation complete
1/21/2026 7:31:28 PM: Starting compilation
1/21/2026 7:31:28 PM: Found 10 .as files
1/21/2026 7:31:28 PM: Main file: ExternalEvents.as
1/21/2026 7:31:28 PM: Created 4 MovieClip classes for images
1/21/2026 7:31:31 PM: Exit code: 0
1/21/2026 7:31:31 PM: Compilation complete
1/21/2026 7:32:09 PM: Starting compilation
1/21/2026 7:32:09 PM: Found 10 .as files
1/21/2026 7:32:09 PM: Main file: ExternalEvents.as
1/21/2026 7:32:09 PM: Created 4 MovieClip classes for images
1/21/2026 7:32:11 PM: Exit code: 0
1/21/2026 7:32:11 PM: Compilation complete
1/21/2026 7:36:19 PM: Starting compilation
1/21/2026 7:36:19 PM: Found 10 .as files
1/21/2026 7:36:19 PM: Main file: ExternalEvents.as
1/21/2026 7:36:19 PM: Created 4 MovieClip classes for images
1/21/2026 7:36:21 PM: Exit code: 0
1/21/2026 7:36:21 PM: Compilation complete
1/21/2026 7:39:03 PM: Starting compilation
1/21/2026 7:39:03 PM: Found 10 .as files
1/21/2026 7:39:03 PM: Main file: ExternalEvents.as
1/21/2026 7:39:03 PM: Created 4 MovieClip classes for images
1/21/2026 7:39:05 PM: Exit code: 0
1/21/2026 7:39:05 PM: Compilation complete
1/21/2026 9:16:49 PM: Starting compilation
1/21/2026 9:16:49 PM: Found 10 .as files
1/21/2026 9:16:49 PM: Main file: ExternalEvents.as
1/21/2026 9:16:49 PM: Created 1 MovieClip classes for images
1/21/2026 9:16:51 PM: Exit code: 0
1/21/2026 9:16:51 PM: Compilation complete
1/21/2026 9:46:26 PM: Starting compilation
1/21/2026 9:46:26 PM: Found 59 .as files
1/21/2026 9:46:26 PM: Main file: ExternalEvents.as
1/21/2026 9:46:26 PM: Created 1 MovieClip classes for images
1/21/2026 9:46:26 PM: Failed to run compilation process: You cannot call a method on a null-valued expression.
1/21/2026 9:46:26 PM: Compilation complete
1/21/2026 9:46:34 PM: Starting compilation
1/21/2026 9:46:34 PM: Found 59 .as files
1/21/2026 9:46:34 PM: Main file: ExternalEvents.as
1/21/2026 9:46:34 PM: Created 1 MovieClip classes for images
1/21/2026 9:46:34 PM: Failed to run compilation process: You cannot call a method on a null-valued expression.
1/21/2026 9:46:34 PM: Compilation complete
1/21/2026 9:47:34 PM: Starting compilation
1/21/2026 9:47:34 PM: Found 59 .as files
1/21/2026 9:47:34 PM: Main file: ExternalEvents.as
1/21/2026 9:47:34 PM: Created 1 MovieClip classes for images
1/21/2026 9:47:37 PM: Exit code: 0
1/21/2026 9:47:37 PM: Compilation complete
1/21/2026 9:52:32 PM: Starting compilation
1/21/2026 9:52:32 PM: Found 59 .as files
1/21/2026 9:52:32 PM: Main file: ExternalEvents.as
1/21/2026 9:52:32 PM: Created 1 MovieClip classes for images
1/21/2026 9:52:33 PM: Exit code: 1
1/21/2026 9:52:33 PM: Compilation complete
1/21/2026 9:56:06 PM: Starting compilation
1/21/2026 9:56:06 PM: Found 59 .as files
1/21/2026 9:56:06 PM: Main file: ExternalEvents.as
1/21/2026 9:56:06 PM: Created 1 MovieClip classes for images
1/21/2026 9:56:06 PM: Exit code: 1
1/21/2026 9:56:06 PM: Compilation complete
1/21/2026 9:58:04 PM: Starting compilation
1/21/2026 9:58:04 PM: Found 59 .as files
1/21/2026 9:58:04 PM: Main file: ExternalEvents.as
1/21/2026 9:58:04 PM: Created 1 MovieClip classes for images
1/21/2026 9:58:05 PM: Exit code: 1
1/21/2026 9:58:05 PM: Compilation complete
1/21/2026 9:58:35 PM: Starting compilation
1/21/2026 9:58:35 PM: Found 59 .as files
1/21/2026 9:58:35 PM: Main file: ExternalEvents.as
1/21/2026 9:58:35 PM: Created 1 MovieClip classes for images
1/21/2026 9:58:35 PM: Exit code: 1
1/21/2026 9:58:35 PM: Compilation complete
1/21/2026 10:05:25 PM: Starting compilation
1/21/2026 10:05:25 PM: Found 2 .as files
1/21/2026 10:05:25 PM: Main file: ExternalEvents.as
1/21/2026 10:05:25 PM: Created 1 MovieClip classes for images
1/21/2026 10:05:35 PM: Compilation timed out after 10 seconds and was terminated
1/21/2026 10:05:35 PM: Compilation complete
1/21/2026 10:07:40 PM: Starting compilation
1/21/2026 10:07:40 PM: Found 3 .as files
1/21/2026 10:07:40 PM: Main file: ExternalEvents.as
1/21/2026 10:07:40 PM: Created 1 MovieClip classes for images
1/21/2026 10:07:42 PM: Exit code: 0
1/21/2026 10:07:42 PM: Compilation complete
1/21/2026 10:09:09 PM: Starting compilation
1/21/2026 10:09:09 PM: Found 3 .as files
1/21/2026 10:09:09 PM: Main file: ExternalEvents.as
1/21/2026 10:09:09 PM: Created 1 MovieClip classes for images
1/21/2026 10:09:11 PM: Exit code: 0
1/21/2026 10:09:11 PM: Compilation complete
1/21/2026 10:09:16 PM: Starting compilation
1/21/2026 10:09:16 PM: Found 3 .as files
1/21/2026 10:09:16 PM: Main file: ExternalEvents.as
1/21/2026 10:09:16 PM: Created 1 MovieClip classes for images
1/21/2026 10:09:18 PM: Exit code: 0
1/21/2026 10:09:18 PM: Compilation complete
1/21/2026 10:09:47 PM: Starting compilation
1/21/2026 10:09:47 PM: Found 3 .as files
1/21/2026 10:09:47 PM: Main file: ExternalEvents.as
1/21/2026 10:09:47 PM: Created 1 MovieClip classes for images
1/21/2026 10:10:17 PM: Compilation timed out after 30 seconds and was terminated
1/21/2026 10:10:17 PM: Compilation complete
1/21/2026 10:13:41 PM: Starting compilation
1/21/2026 10:13:41 PM: Found 3 .as files
1/21/2026 10:13:41 PM: Main file: ExternalEvents.as
1/21/2026 10:13:41 PM: Created 1 MovieClip classes for images
1/21/2026 10:13:42 PM: Compilation terminated due to error detection
1/21/2026 10:13:54 PM: Starting compilation
1/21/2026 10:13:54 PM: Found 3 .as files
1/21/2026 10:13:54 PM: Main file: ExternalEvents.as
1/21/2026 10:13:54 PM: Created 1 MovieClip classes for images
1/21/2026 10:13:55 PM: Compilation terminated due to error detection
1/21/2026 10:14:49 PM: Starting compilation
1/21/2026 10:14:49 PM: Found 3 .as files
1/21/2026 10:14:49 PM: Main file: ExternalEvents.as
1/21/2026 10:14:49 PM: Created 1 MovieClip classes for images
1/21/2026 10:14:50 PM: Compilation terminated due to error detection. See error above.
1/21/2026 10:14:58 PM: Starting compilation
1/21/2026 10:14:58 PM: Found 3 .as files
1/21/2026 10:14:58 PM: Main file: ExternalEvents.as
1/21/2026 10:14:58 PM: Created 1 MovieClip classes for images
1/21/2026 10:14:59 PM: Compilation terminated due to error detection. See error above.
1/21/2026 10:15:13 PM: Starting compilation
1/21/2026 10:15:13 PM: Found 3 .as files
1/21/2026 10:15:13 PM: Main file: ExternalEvents.as
1/21/2026 10:15:13 PM: Created 1 MovieClip classes for images
1/21/2026 10:15:14 PM: Compilation terminated due to error detection. See error above.
1/21/2026 10:15:24 PM: Starting compilation
1/21/2026 10:15:24 PM: Found 3 .as files
1/21/2026 10:15:24 PM: Main file: ExternalEvents.as
1/21/2026 10:15:24 PM: Created 1 MovieClip classes for images
1/21/2026 10:15:25 PM: Compilation terminated due to error detection. See error above.
1/21/2026 10:16:01 PM: Starting compilation
1/21/2026 10:16:01 PM: Found 3 .as files
1/21/2026 10:16:01 PM: Main file: ExternalEvents.as
1/21/2026 10:16:01 PM: Created 1 MovieClip classes for images
1/21/2026 10:16:03 PM: Exit code: 0
1/21/2026 10:16:03 PM: Compilation complete
1/21/2026 10:17:03 PM: Starting compilation
1/21/2026 10:17:03 PM: Found 3 .as files
1/21/2026 10:17:03 PM: Main file: ExternalEvents.as
1/21/2026 10:17:03 PM: Created 1 MovieClip classes for images
1/21/2026 10:17:05 PM: Exit code: 0
1/21/2026 10:17:05 PM: Compilation complete
1/21/2026 10:17:22 PM: Starting compilation
1/21/2026 10:17:22 PM: Found 3 .as files
1/21/2026 10:17:22 PM: Main file: ExternalEvents.as
1/21/2026 10:17:22 PM: Created 1 MovieClip classes for images
1/21/2026 10:17:24 PM: Exit code: 0
1/21/2026 10:17:24 PM: Compilation complete
1/21/2026 10:17:27 PM: Starting compilation
1/21/2026 10:17:27 PM: Found 3 .as files
1/21/2026 10:17:27 PM: Main file: ExternalEvents.as
1/21/2026 10:17:27 PM: Created 1 MovieClip classes for images
1/21/2026 10:17:29 PM: Exit code: 0
1/21/2026 10:17:29 PM: Compilation complete
1/21/2026 10:22:17 PM: Starting compilation
1/21/2026 10:22:18 PM: Found 58 .as files
1/21/2026 10:22:18 PM: Main file: ExternalEvents.as
1/21/2026 10:22:18 PM: Created 1 MovieClip classes for images
1/21/2026 10:22:59 PM: Exit code: 1
1/21/2026 10:22:59 PM: Compilation failed
1/21/2026 10:23:37 PM: Starting compilation
1/21/2026 10:23:37 PM: Found 58 .as files
1/21/2026 10:23:37 PM: Main file: ExternalEvents.as
1/21/2026 10:23:37 PM: Created 1 MovieClip classes for images
1/21/2026 10:23:39 PM: Exit code: 1
1/21/2026 10:23:39 PM: Compilation failed
1/21/2026 10:25:54 PM: Starting compilation
1/21/2026 10:25:54 PM: Found 59 .as files
1/21/2026 10:25:54 PM: Main file: ExternalEvents.as
1/21/2026 10:25:54 PM: Created 1 MovieClip classes for images
1/21/2026 10:25:57 PM: Exit code: 0
1/21/2026 10:25:57 PM: Compilation complete
1/21/2026 10:33:35 PM: Starting compilation
1/21/2026 10:33:35 PM: Found 3 .as files
1/21/2026 10:33:35 PM: Main file: ExternalEvents.as
1/21/2026 10:33:35 PM: Created 1 MovieClip classes for images
1/21/2026 10:33:37 PM: Exit code: 0
1/21/2026 10:33:37 PM: Compilation complete
1/21/2026 10:33:55 PM: Starting compilation
1/21/2026 10:33:55 PM: Found 59 .as files
1/21/2026 10:33:55 PM: Main file: ExternalEvents.as
1/21/2026 10:33:55 PM: Created 1 MovieClip classes for images
1/21/2026 10:34:06 PM: Compilation cancelled by user.
1/21/2026 10:34:11 PM: Starting compilation
1/21/2026 10:34:11 PM: Found 59 .as files
1/21/2026 10:34:11 PM: Main file: ExternalEvents.as
1/21/2026 10:34:11 PM: Created 1 MovieClip classes for images
1/21/2026 10:34:14 PM: Exit code: 0
1/21/2026 10:34:14 PM: Compilation complete
1/21/2026 10:35:09 PM: Starting compilation
1/21/2026 10:35:09 PM: Found 3 .as files
1/21/2026 10:35:09 PM: Main file: ExternalEvents.as
1/21/2026 10:35:09 PM: Created 1 MovieClip classes for images
1/21/2026 10:35:11 PM: Exit code: 0
1/21/2026 10:35:11 PM: Compilation complete
1/21/2026 10:36:10 PM: Starting compilation
1/21/2026 10:36:10 PM: Found 3 .as files
1/21/2026 10:36:10 PM: Main file: ExternalEvents.as
1/21/2026 10:36:10 PM: Created 1 MovieClip classes for images
1/21/2026 10:36:12 PM: Exit code: 0
1/21/2026 10:36:12 PM: Compilation complete
1/21/2026 10:47:28 PM: Starting compilation
1/21/2026 10:47:28 PM: Found 3 .as files
1/21/2026 10:47:28 PM: Main file: ExternalEvents.as
1/21/2026 10:47:28 PM: Created 1 MovieClip classes for images
1/21/2026 10:47:30 PM: Exit code: 0
1/21/2026 10:47:30 PM: Compilation complete
1/21/2026 10:49:28 PM: Starting compilation
1/21/2026 10:49:28 PM: Found 3 .as files
1/21/2026 10:49:28 PM: Main file: ExternalEvents.as
1/21/2026 10:49:28 PM: Created 1 MovieClip classes for images
1/21/2026 10:49:32 PM: Exit code: 0
1/21/2026 10:49:32 PM: Compilation complete
1/21/2026 11:21:41 PM: Starting compilation
1/21/2026 11:21:41 PM: Found 59 .as files
1/21/2026 11:21:41 PM: Main file: ExternalEvents.as
1/21/2026 11:21:41 PM: Created 1 MovieClip classes for images
1/21/2026 11:21:44 PM: Exit code: 0
1/21/2026 11:21:44 PM: Compilation complete
1/21/2026 11:39:23 PM: Starting compilation
1/21/2026 11:39:23 PM: No .as files found in compile\files folder
1/21/2026 11:39:23 PM: Compilation complete
1/21/2026 11:39:40 PM: Starting compilation
1/21/2026 11:39:40 PM: No .as files found in compile\files folder
1/21/2026 11:39:40 PM: Compilation complete
1/21/2026 11:39:42 PM: Starting compilation
1/21/2026 11:39:42 PM: No .as files found in compile\files folder
1/21/2026 11:39:42 PM: Compilation complete
1/21/2026 11:41:26 PM: Starting compilation
1/21/2026 11:41:26 PM: No .as files found in compile\files folder
1/21/2026 11:41:26 PM: Compilation complete
1/21/2026 11:41:59 PM: Starting compilation
1/21/2026 11:41:59 PM: No .as files found in compile\files folder
1/21/2026 11:41:59 PM: Compilation complete
1/21/2026 11:42:17 PM: Starting compilation
1/21/2026 11:42:18 PM: No .as files found in compile\files folder
1/21/2026 11:42:18 PM: Compilation complete
1/21/2026 11:43:04 PM: Starting compilation
1/21/2026 11:43:04 PM: No .as files found in compile\files folder
1/21/2026 11:43:04 PM: Compilation complete
1/21/2026 11:45:24 PM: Starting compilation
1/21/2026 11:45:24 PM: No .as files found in compile\files folder
1/21/2026 11:45:24 PM: Compilation complete
1/23/2026 8:33:21 PM: Downloaded 1 files from online
1/23/2026 8:33:21 PM: Starting compilation
1/23/2026 8:33:21 PM: Found 7 .as files
1/23/2026 8:33:21 PM: Main file: ExternalEvents.as
1/23/2026 8:33:22 PM: Exit code: 1
1/23/2026 8:33:22 PM: Compilation failed
1/23/2026 8:43:11 PM: Downloaded 1 files from online
1/23/2026 8:43:11 PM: Starting compilation
1/23/2026 8:43:11 PM: Found 7 .as files
1/23/2026 8:43:11 PM: Main file: ExternalEvents.as
1/23/2026 8:43:12 PM: Exit code: 1
1/23/2026 8:43:12 PM: Compilation failed
1/23/2026 8:43:57 PM: Downloaded 1 files from online
1/23/2026 8:43:57 PM: Starting compilation
1/23/2026 8:43:57 PM: Found 7 .as files
1/23/2026 8:43:57 PM: Main file: ExternalEvents.as
1/23/2026 8:43:58 PM: Exit code: 1
1/23/2026 8:43:58 PM: Compilation failed
1/23/2026 8:44:17 PM: Downloaded 1 files from online
1/23/2026 8:44:17 PM: Starting compilation
1/23/2026 8:44:17 PM: Found 7 .as files
1/23/2026 8:44:17 PM: Main file: ExternalEvents.as
1/23/2026 8:44:20 PM: Exit code: 0
1/23/2026 8:44:20 PM: Compilation complete
1/23/2026 8:47:21 PM: Downloaded 1 files from online
1/23/2026 8:47:21 PM: Starting compilation
1/23/2026 8:47:21 PM: Found 7 .as files
1/23/2026 8:47:21 PM: Main file: ExternalEvents.as
1/23/2026 8:47:23 PM: Exit code: 0
1/23/2026 8:47:23 PM: Compilation complete
1/23/2026 8:47:36 PM: Downloaded 1 files from online
1/23/2026 8:47:36 PM: Starting compilation
1/23/2026 8:47:36 PM: Found 7 .as files
1/23/2026 8:47:36 PM: Main file: ExternalEvents.as
1/23/2026 8:47:38 PM: Exit code: 0
1/23/2026 8:47:38 PM: Compilation complete
1/23/2026 8:48:52 PM: Downloaded 1 files from online
1/23/2026 8:48:52 PM: Starting compilation
1/23/2026 8:48:52 PM: Found 7 .as files
1/23/2026 8:48:52 PM: Main file: ExternalEvents.as
1/23/2026 8:48:54 PM: Exit code: 0
1/23/2026 8:48:54 PM: Compilation complete
1/23/2026 8:50:10 PM: Downloaded 1 files from online
1/23/2026 8:52:54 PM: Downloaded 1 files from online
1/23/2026 9:02:49 PM: Starting compilation
1/23/2026 9:02:49 PM: Starting compilation
1/23/2026 9:02:49 PM: Failed to run compilation process: Exception calling "Start" with "0" argument(s): "Cannot start process because a file name has not been provided."
1/23/2026 9:03:33 PM: Starting compilation
1/23/2026 9:03:33 PM: Failed to run compilation process: Exception calling "Start" with "0" argument(s): "Cannot start process because a file name has not been provided."
1/23/2026 9:04:11 PM: Starting compilation
1/23/2026 9:04:13 PM: Exit code: 0
1/23/2026 9:04:13 PM: Compilation complete
01/23/2026 21:15:20: Script started. PID=36264, Args=
01/23/2026 21:15:20: GUI init - loaded savedSelected count=1
01/23/2026 21:15:20: GUI init - built events count=6
1/23/2026 9:15:28 PM: Starting compilation
1/23/2026 9:15:29 PM: Exit code: 0
1/23/2026 9:15:29 PM: Compilation complete
1/23/2026 9:16:06 PM: Starting compilation
1/23/2026 9:16:08 PM: Exit code: 0
1/23/2026 9:16:08 PM: Compilation complete
01/23/2026 21:17:34: Script started. PID=9440, Args=C:\Users\glwex\Documents\GitHub\SSF2-Event-Vault\SSF2 Event Compiler.exe
01/23/2026 21:17:34: GUI init - loaded savedSelected count=3
01/23/2026 21:17:34: GUI init - built events count=5
01/23/2026 21:22:11: Script started. PID=12840, Args=C:\Users\glwex\Documents\GitHub\SSF2-Event-Vault\SSF2 Event Compiler.exe
01/23/2026 21:22:11: Sync-OnlineFiles failed: The remote server returned an error: (404) Not Found.
01/23/2026 21:22:11: GUI init - loaded savedSelected count=3
01/23/2026 21:22:11: GUI init - built events count=5
01/23/2026 21:23:00: Script started. PID=38956, Args=
01/23/2026 21:23:00: Sync-OnlineFiles failed: The remote server returned an error: (404) Not Found.
01/23/2026 21:23:00: GUI init - loaded savedSelected count=3
01/23/2026 21:23:00: GUI init - built events count=5
01/23/2026 21:24:40: Script started. PID=29308, Args=console
01/23/2026 21:24:41: Sync-OnlineFiles failed: The remote server returned an error: (404) Not Found.
1/23/2026 9:24:41 PM: Starting compilation
1/23/2026 9:24:43 PM: Exit code: 0
1/23/2026 9:24:43 PM: Compilation complete
01/23/2026 21:27:40: Script started. PID=5136, Args=console
01/23/2026 21:27:52: Sync-OnlineFiles failed: The remote server returned an error: (404) Not Found.
01/23/2026 21:27:59: Script started. PID=30064, Args=C:\Users\glwex\Documents\GitHub\SSF2-Event-Vault\SSF2 Event Compiler.exe
01/23/2026 21:28:12: Sync-OnlineFiles failed: The remote server returned an error: (404) Not Found.
01/23/2026 21:28:15: Sync-OnlineFiles (fallback) - downloaded=0 updated=0 skipped=0
01/23/2026 21:28:16: GUI init - loaded savedSelected count=3
01/23/2026 21:28:16: GUI init - built events count=5
01/23/2026 21:28:41: Script started. PID=27520, Args=C:\Users\glwex\Documents\GitHub\SSF2-Event-Vault\SSF2 Event Compiler.exe
01/23/2026 21:28:45: Script started. PID=40280, Args=C:\Users\glwex\Documents\GitHub\SSF2-Event-Vault\SSF2 Event Compiler.exe
01/23/2026 21:28:49: Script started. PID=42356, Args=console
01/23/2026 21:28:54: Sync-OnlineFiles failed: The remote server returned an error: (404) Not Found.
01/23/2026 21:28:56: Sync-OnlineFiles (fallback) - downloaded=0 updated=0 skipped=0
01/23/2026 21:28:56: GUI init - loaded savedSelected count=3
01/23/2026 21:28:56: GUI init - built events count=5
01/23/2026 21:28:58: Sync-OnlineFiles failed: The remote server returned an error: (404) Not Found.
01/23/2026 21:28:59: Sync-OnlineFiles (fallback) - downloaded=0 updated=0 skipped=0
01/23/2026 21:28:59: GUI init - loaded savedSelected count=3
01/23/2026 21:28:59: GUI init - built events count=5
01/23/2026 21:29:01: Sync-OnlineFiles failed: The remote server returned an error: (404) Not Found.
01/23/2026 21:29:04: Sync-OnlineFiles (fallback) - downloaded=0 updated=0 skipped=0
1/23/2026 9:29:04 PM: Starting compilation
1/23/2026 9:29:06 PM: Exit code: 0
1/23/2026 9:29:06 PM: Compilation complete
01/23/2026 21:29:24: Script started. PID=40432, Args=C:\Users\glwex\Documents\GitHub\SSF2-Event-Vault\SSF2 Event Compiler.exe
01/23/2026 21:29:24: GUI init - loaded savedSelected count=3
01/23/2026 21:29:24: GUI init - built events count=5
01/23/2026 21:31:50: Script started. PID=12540, Args=C:\Users\glwex\Documents\GitHub\SSF2-Event-Vault\SSF2 Event Compiler.exe
01/23/2026 21:31:50: GUI init - loaded savedSelected count=3
01/23/2026 21:31:50: GUI init - built events count=5
01/23/2026 21:34:17: Script started. PID=16552, Args=C:\Users\glwex\Documents\GitHub\SSF2-Event-Vault\SSF2 Event Compiler.exe
01/23/2026 21:34:17: GUI init - loaded savedSelected count=1
01/23/2026 21:34:17: GUI init - built events count=5
01/23/2026 21:35:41: Script started. PID=32640, Args=C:\Users\glwex\Documents\GitHub\SSF2-Event-Vault\SSF2 Event Compiler.exe
01/23/2026 21:35:41: Loaded saved selections count=2: EventMode53MasterofHands,EventMode55_TheDevilWithin
01/23/2026 21:35:41: GUI init - loaded savedSelected count=2
01/23/2026 21:35:41: GUI init - built events count=5
01/23/2026 21:36:01: Script started. PID=42044, Args=C:\Users\glwex\Documents\GitHub\SSF2-Event-Vault\SSF2 Event Compiler.exe
01/23/2026 21:36:01: Loaded saved selections count=2: EventMode53MasterofHands,EventMode55_TheDevilWithin
01/23/2026 21:36:01: GUI init - loaded savedSelected count=2
01/23/2026 21:36:01: GUI init - built events count=5
01/23/2026 21:36:03: Populated Sort list with 5 events; checked count=2
01/23/2026 21:36:06: Saved selections count=1: EventMode53MasterofHands
01/23/2026 21:36:07: Populated Sort list with 5 events; checked count=2
01/23/2026 21:36:13: Saved selections count=3: EventMode53MasterofHands,EventMode55_TheDevilWithin,EventModeTemplate_BossBattle
01/23/2026 21:36:14: Populated Sort list with 5 events; checked count=2
01/23/2026 21:38:20: Script started. PID=30896, Args=C:\Users\glwex\Documents\GitHub\SSF2-Event-Vault\SSF2 Event Compiler.exe
01/23/2026 21:38:20: Loaded saved selections count=3: EventMode53MasterofHands,EventMode55_TheDevilWithin,EventModeTemplate_BossBattle
01/23/2026 21:38:20: GUI init - loaded savedSelected count=3
01/23/2026 21:38:20: GUI init - built events count=5
01/23/2026 21:38:22: Reloaded saved selections count=3: EventMode53MasterofHands,EventMode55_TheDevilWithin,EventModeTemplate_BossBattle
01/23/2026 21:38:22: Populated Sort list with 5 events; checked count=3
01/23/2026 21:38:24: Saved selections count=2: EventMode53MasterofHands,EventMode55_TheDevilWithin
01/23/2026 21:38:25: Reloaded saved selections count=2: EventMode53MasterofHands,EventMode55_TheDevilWithin
01/23/2026 21:38:25: Populated Sort list with 5 events; checked count=2
01/23/2026 21:42:35: Script started. PID=29488, Args=C:\Users\glwex\Documents\GitHub\SSF2-Event-Vault\SSF2 Event Compiler.exe
01/23/2026 21:42:36: Downloaded EventMode53MasterofHands.as to online
01/23/2026 21:42:36: Loaded saved selections count=2: EventMode53MasterofHands,EventMode55_TheDevilWithin
01/23/2026 21:42:36: GUI init - loaded savedSelected count=2
01/23/2026 21:42:36: GUI init - built events count=6
01/23/2026 21:42:41: Reloaded saved selections count=2: EventMode53MasterofHands,EventMode55_TheDevilWithin
01/23/2026 21:42:41: Populated Sort list with 6 events; checked count=3
01/23/2026 21:42:41: Saved selections count=3: EventMode53MasterofHands,EventMode55_TheDevilWithin,EventMode53MasterofHands
01/23/2026 21:46:11: Script started. PID=38688, Args=C:\Users\glwex\Documents\GitHub\SSF2-Event-Vault\SSF2 Event Compiler.exe
01/23/2026 21:46:12: Downloaded EventMode53MasterofHands.as to online
01/23/2026 21:46:12: Loaded saved selections count=3: EventMode53MasterofHands,EventMode55_TheDevilWithin,EventMode53MasterofHands
01/23/2026 21:46:12: GUI init - loaded savedSelected count=3
01/23/2026 21:46:12: GUI init - built events count=6
01/23/2026 21:46:16: Reloaded saved selections count=3: EventMode53MasterofHands,EventMode55_TheDevilWithin,EventMode53MasterofHands
01/23/2026 21:46:16: Populated Sort list with 6 events; checked count=3
01/23/2026 21:46:17: Saved selections count=3: EventMode53MasterofHands,EventMode55_TheDevilWithin,EventMode53MasterofHands
01/23/2026 21:46:31: Script started. PID=31292, Args=C:\Users\glwex\Documents\GitHub\SSF2-Event-Vault\SSF2 Event Compiler.exe
01/23/2026 21:46:31: Downloaded EventMode53MasterofHands.as to online
01/23/2026 21:46:31: Loaded saved selections count=3: EventMode53MasterofHands,EventMode55_TheDevilWithin,EventMode53MasterofHands
01/23/2026 21:46:31: GUI init - loaded savedSelected count=3
01/23/2026 21:46:31: GUI init - built events count=6
01/23/2026 21:48:10: Script started. PID=20440, Args=C:\Users\glwex\Documents\GitHub\SSF2-Event-Vault\SSF2 Event Compiler.exe
01/23/2026 21:48:10: Downloaded EventMode53MasterofHands.as to online
01/23/2026 21:48:10: 1 file added from online
01/23/2026 21:48:10: Loaded saved selections count=3: EventMode53MasterofHands,EventMode55_TheDevilWithin,EventMode53MasterofHands
01/23/2026 21:48:10: GUI init - loaded savedSelected count=3
01/23/2026 21:48:10: GUI init - built events count=6
01/23/2026 21:48:13: Reloaded saved selections count=3: EventMode53MasterofHands,EventMode55_TheDevilWithin,EventMode53MasterofHands
01/23/2026 21:48:13: Populated Sort list with 6 events; checked count=3
01/23/2026 21:48:14: Saved selections count=3: EventMode53MasterofHands,EventMode55_TheDevilWithin,EventMode53MasterofHands
01/23/2026 21:49:33: Script started. PID=10312, Args=C:\Users\glwex\Documents\GitHub\SSF2-Event-Vault\SSF2 Event Compiler.exe
01/23/2026 21:49:33: Loaded saved selections count=3: EventMode53MasterofHands,EventMode55_TheDevilWithin,EventMode53MasterofHands
01/23/2026 21:49:33: GUI init - loaded savedSelected count=3
01/23/2026 21:49:33: GUI init - built events count=6
01/23/2026 21:49:34: Downloaded EventMode53MasterofHands.as to online
01/23/2026 21:49:34: 1 file added from online
01/23/2026 21:49:43: Reloaded saved selections count=3: EventMode53MasterofHands,EventMode55_TheDevilWithin,EventMode53MasterofHands
01/23/2026 21:49:43: Populated Sort list with 6 events; checked count=3
01/23/2026 21:49:44: Saved selections count=3: EventMode53MasterofHands,EventMode55_TheDevilWithin,EventMode53MasterofHands
01/23/2026 21:49:45: Reloaded saved selections count=3: EventMode53MasterofHands,EventMode55_TheDevilWithin,EventMode53MasterofHands
01/23/2026 21:49:45: Populated Sort list with 6 events; checked count=3
01/23/2026 21:49:48: Saved selections count=4: EventMode53MasterofHands,EventMode55_TheDevilWithin,EventMode568P_Ditto,EventMode53MasterofHands
01/23/2026 21:49:48: Reloaded saved selections count=4: EventMode53MasterofHands,EventMode55_TheDevilWithin,EventMode568P_Ditto,EventMode53MasterofHands
01/23/2026 21:49:48: Populated Sort list with 6 events; checked count=4
01/23/2026 21:49:49: Saved selections count=4: EventMode53MasterofHands,EventMode55_TheDevilWithin,EventMode568P_Ditto,EventMode53MasterofHands
01/23/2026 21:49:56: Script started. PID=15832, Args=C:\Users\glwex\Documents\GitHub\SSF2-Event-Vault\SSF2 Event Compiler.exe
01/23/2026 21:49:56: Loaded saved selections count=4: EventMode53MasterofHands,EventMode55_TheDevilWithin,EventMode568P_Ditto,EventMode53MasterofHands
01/23/2026 21:49:56: GUI init - loaded savedSelected count=4
01/23/2026 21:49:56: GUI init - built events count=6
01/23/2026 21:49:57: Downloaded EventMode53MasterofHands.as to online
01/23/2026 21:49:57: 1 file added from online
01/23/2026 21:50:33: Reloaded saved selections count=4: EventMode53MasterofHands,EventMode55_TheDevilWithin,EventMode568P_Ditto,EventMode53MasterofHands
01/23/2026 21:50:33: Populated Sort list with 6 events; checked count=4
01/23/2026 21:50:59: Script started. PID=27520, Args=C:\Users\glwex\Documents\GitHub\SSF2-Event-Vault\SSF2 Event Compiler.exe
01/23/2026 21:51:00: Loaded saved selections count=4: EventMode53MasterofHands,EventMode55_TheDevilWithin,EventMode568P_Ditto,EventMode53MasterofHands
01/23/2026 21:51:00: GUI init - loaded savedSelected count=4
01/23/2026 21:51:00: GUI init - built events count=5
01/23/2026 21:51:00: Downloaded EventMode53MasterofHands.as to online
01/23/2026 21:51:00: 1 file added from online
01/23/2026 21:51:06: Script started. PID=27032, Args=C:\Users\glwex\Documents\GitHub\SSF2-Event-Vault\SSF2 Event Compiler.exe
01/23/2026 21:51:06: Loaded saved selections count=4: EventMode53MasterofHands,EventMode55_TheDevilWithin,EventMode568P_Ditto,EventMode53MasterofHands
01/23/2026 21:51:06: GUI init - loaded savedSelected count=4
01/23/2026 21:51:06: GUI init - built events count=6
01/23/2026 21:51:07: Skipped EventMode53MasterofHands.as (unchanged)
01/23/2026 21:51:07: No files added from online
01/23/2026 21:51:13: Reloaded saved selections count=4: EventMode53MasterofHands,EventMode55_TheDevilWithin,EventMode568P_Ditto,EventMode53MasterofHands
01/23/2026 21:51:13: Populated Sort list with 6 events; checked count=4
01/23/2026 21:53:34: Script started. PID=41136, Args=C:\Users\glwex\Documents\GitHub\SSF2-Event-Vault\SSF2 Event Compiler.exe
01/23/2026 21:53:34: Loaded saved selections count=4: EventMode53MasterofHands,EventMode55_TheDevilWithin,EventMode568P_Ditto,EventMode53MasterofHands
01/23/2026 21:53:35: GUI init - loaded savedSelected count=4
01/23/2026 21:53:35: GUI init - built events count=56
01/23/2026 21:53:36: Skipped EventMode53MasterofHands.as (unchanged)
01/23/2026 21:53:36: No files added from online
01/23/2026 21:53:38: Reloaded saved selections count=4: EventMode53MasterofHands,EventMode55_TheDevilWithin,EventMode568P_Ditto,EventMode53MasterofHands
01/23/2026 21:53:38: Populated Sort list with 56 events; checked count=4
01/23/2026 21:55:33: Script started. PID=28360, Args=C:\Users\glwex\Documents\GitHub\SSF2-Event-Vault\SSF2 Event Compiler.exe
01/23/2026 21:55:33: Loaded saved selections count=4: EventMode53MasterofHands,EventMode55_TheDevilWithin,EventMode568P_Ditto,EventMode53MasterofHands
01/23/2026 21:55:33: GUI init - loaded savedSelected count=4
01/23/2026 21:55:33: GUI init - built events count=6
01/23/2026 21:55:34: Skipped EventMode53MasterofHands.as (unchanged)
01/23/2026 21:55:34: No files added from online
01/23/2026 21:55:46: Reloaded saved selections count=4: EventMode53MasterofHands,EventMode55_TheDevilWithin,EventMode568P_Ditto,EventMode53MasterofHands
01/23/2026 21:55:46: Populated Sort list with 6 events; checked count=4
01/23/2026 21:55:47: Skipped EventMode53MasterofHands.as (unchanged)
01/23/2026 21:55:47: No files added from online
01/23/2026 21:55:48: Saved selections count=4: EventMode53MasterofHands,EventMode55_TheDevilWithin,EventMode568P_Ditto,EventMode53MasterofHands
01/23/2026 21:55:50: Skipped EventMode53MasterofHands.as (unchanged)
01/23/2026 21:55:50: No files added from online
01/23/2026 21:57:35: Script started. PID=26924, Args=-mode console -action sync
01/23/2026 21:57:35: Loaded saved selections count=4: EventMode53MasterofHands,EventMode55_TheDevilWithin,EventMode568P_Ditto,EventMode53MasterofHands
01/23/2026 21:57:35: GUI init - loaded savedSelected count=4
01/23/2026 21:57:35: GUI init - built events count=6
01/23/2026 21:57:36: Skipped EventMode53MasterofHands.as in online (unchanged)
01/23/2026 21:57:36: Skipped EventMode53MasterofHands.as in files (unchanged)
01/23/2026 21:57:36: No files added from online
01/23/2026 21:57:44: Reloaded saved selections count=4: EventMode53MasterofHands,EventMode55_TheDevilWithin,EventMode568P_Ditto,EventMode53MasterofHands
01/23/2026 21:57:44: Populated Sort list with 6 events; checked count=4
01/23/2026 21:57:45: Saved selections count=4: EventMode53MasterofHands,EventMode55_TheDevilWithin,EventMode568P_Ditto,EventMode53MasterofHands
01/23/2026 21:57:54: Script started. PID=34024, Args=console
01/23/2026 21:57:54: Skipped EventMode53MasterofHands.as in online (unchanged)
01/23/2026 21:57:54: Skipped EventMode53MasterofHands.as in files (unchanged)
01/23/2026 21:57:54: No files added from online
1/23/2026 9:57:54 PM: Starting compilation
1/23/2026 9:57:57 PM: Exit code: 0
1/23/2026 9:57:57 PM: Compilation complete
01/23/2026 21:58:50: Script started. PID=30048, Args=C:\Users\glwex\Documents\GitHub\SSF2-Event-Vault\SSF2 Event Compiler.exe
01/23/2026 21:58:50: Loaded saved selections count=4: EventMode53MasterofHands,EventMode55_TheDevilWithin,EventMode568P_Ditto,EventMode53MasterofHands
01/23/2026 21:58:50: GUI init - loaded savedSelected count=4
01/23/2026 21:58:50: GUI init - built events count=6
01/23/2026 21:58:51: Skipped EventMode53MasterofHands.as in online (unchanged)
01/23/2026 21:58:51: Skipped EventMode53MasterofHands.as in files (unchanged)
01/23/2026 21:58:51: No files added from online
01/23/2026 21:59:08: Script started. PID=29784, Args=C:\Users\glwex\Documents\GitHub\SSF2-Event-Vault\SSF2 Event Compiler.exe
01/23/2026 21:59:08: Loaded saved selections count=4: EventMode53MasterofHands,EventMode55_TheDevilWithin,EventMode568P_Ditto,EventMode53MasterofHands
01/23/2026 21:59:08: GUI init - loaded savedSelected count=4
01/23/2026 21:59:08: GUI init - built events count=6
01/23/2026 21:59:09: Skipped EventMode53MasterofHands.as in online (unchanged)
01/23/2026 21:59:09: Skipped EventMode53MasterofHands.as in files (unchanged)
01/23/2026 21:59:09: No files added from online
01/23/2026 21:59:40: Script started. PID=39596, Args=C:\Users\glwex\Documents\GitHub\SSF2-Event-Vault\SSF2 Event Compiler.exe
01/23/2026 21:59:40: Loaded saved selections count=4: EventMode53MasterofHands,EventMode55_TheDevilWithin,EventMode568P_Ditto,EventMode53MasterofHands
01/23/2026 21:59:40: GUI init - loaded savedSelected count=4
01/23/2026 21:59:40: GUI init - built events count=6
01/23/2026 21:59:41: Skipped EventMode53MasterofHands.as in online (unchanged)
01/23/2026 21:59:41: Skipped EventMode53MasterofHands.as in files (unchanged)
01/23/2026 21:59:41: No files added from online
01/23/2026 22:00:52: Script started. PID=19060, Args=C:\Users\glwex\Documents\GitHub\SSF2-Event-Vault\SSF2 Event Compiler.exe
01/23/2026 22:00:52: Loaded saved selections count=4: EventMode53MasterofHands,EventMode55_TheDevilWithin,EventMode568P_Ditto,EventMode53MasterofHands
01/23/2026 22:00:52: GUI init - loaded savedSelected count=4
01/23/2026 22:00:52: GUI init - built events count=6
01/23/2026 22:00:53: Skipped EventMode53MasterofHands.as in online (unchanged)
01/23/2026 22:00:53: Skipped EventMode53MasterofHands.as in files (unchanged)
01/23/2026 22:00:53: No files added from online
01/23/2026 22:01:00: Reloaded saved selections count=4: EventMode53MasterofHands,EventMode55_TheDevilWithin,EventMode568P_Ditto,EventMode53MasterofHands
01/23/2026 22:01:00: Populated Sort list with 6 events; checked count=4
01/23/2026 22:01:02: Saved selections count=4: EventMode53MasterofHands,EventMode55_TheDevilWithin,EventMode568P_Ditto,EventMode53MasterofHands
01/23/2026 22:02:33: Script started. PID=35900, Args=C:\Users\glwex\Documents\GitHub\SSF2-Event-Vault\SSF2 Event Compiler.exe
01/23/2026 22:02:33: Loaded saved selections count=4: EventMode53MasterofHands,EventMode55_TheDevilWithin,EventMode568P_Ditto,EventMode53MasterofHands
01/23/2026 22:02:33: GUI init - loaded savedSelected count=4
01/23/2026 22:02:33: GUI init - built events count=6
01/23/2026 22:02:34: Skipped EventMode53MasterofHands.as in online (unchanged)
01/23/2026 22:02:34: Skipped EventMode53MasterofHands.as in files (unchanged)
01/23/2026 22:02:34: No files added from online
01/23/2026 22:02:39: Reloaded saved selections count=4: EventMode53MasterofHands,EventMode55_TheDevilWithin,EventMode568P_Ditto,EventMode53MasterofHands
01/23/2026 22:02:39: Populated Sort list with 6 events; checked count=4
01/23/2026 22:02:45: Saved selections count=4: EventMode53MasterofHands,EventMode55_TheDevilWithin,EventMode568P_Ditto,EventMode53MasterofHands
01/23/2026 22:03:47: Reloaded saved selections count=4: EventMode53MasterofHands,EventMode55_TheDevilWithin,EventMode568P_Ditto,EventMode53MasterofHands
01/23/2026 22:03:47: Populated Sort list with 6 events; checked count=4
01/23/2026 22:03:49: Saved selections count=4: EventMode53MasterofHands,EventMode55_TheDevilWithin,EventMode568P_Ditto,EventMode53MasterofHands
01/23/2026 22:04:49: Script started. PID=42100, Args=console legacy
01/23/2026 22:04:49: Skipped EventMode53MasterofHands.as in online (unchanged)
01/23/2026 22:04:49: Skipped EventMode53MasterofHands.as in files (unchanged)
01/23/2026 22:04:49: No files added from online
01/23/2026 22:25:50: Script started. PID=39200, Args=console
01/23/2026 22:25:50: Skipped EventMode53MasterofHands.as in online (unchanged)
01/23/2026 22:25:50: Skipped EventMode53MasterofHands.as in files (unchanged)
01/23/2026 22:25:50: No files added from online
1/23/2026 10:25:50 PM: Starting compilation
1/23/2026 10:25:52 PM: Exit code: 0
1/23/2026 10:25:52 PM: Compilation complete
01/23/2026 22:27:04: Script started. PID=26712, Args=C:\Users\glwex\Documents\GitHub\SSF2-Event-Vault\SSF2 Event Compiler.exe
01/23/2026 22:27:04: GUI init - loaded savedSelected count=0
01/23/2026 22:27:04: GUI init - built events count=6
01/23/2026 22:27:04: Skipped EventMode53MasterofHands.as in online (unchanged)
01/23/2026 22:27:04: Skipped EventMode53MasterofHands.as in files (unchanged)
01/23/2026 22:27:04: No files added from online
01/23/2026 22:27:21: Populated Sort list with 6 events; checked count=0
01/23/2026 22:27:33: Populated Sort list with 6 events; checked count=0
01/23/2026 22:27:34: Populated Sort list with 6 events; checked count=0
01/23/2026 22:27:37: Populated Sort list with 6 events; checked count=0
01/23/2026 22:27:42: Populated Sort list with 6 events; checked count=0
01/23/2026 22:27:53: Populated Sort list with 6 events; checked count=0
01/23/2026 22:28:07: Script started. PID=35140, Args=C:\Users\glwex\Documents\GitHub\SSF2-Event-Vault\SSF2 Event Compiler.exe
01/23/2026 22:28:07: GUI init - loaded savedSelected count=0
01/23/2026 22:28:07: GUI init - built events count=6
01/23/2026 22:28:08: Skipped EventMode53MasterofHands.as in online (unchanged)
01/23/2026 22:28:08: Skipped EventMode53MasterofHands.as in files (unchanged)
01/23/2026 22:28:08: No files added from online
01/23/2026 22:28:28: Skipped EventMode53MasterofHands.as in online (unchanged)
01/23/2026 22:28:28: Skipped EventMode53MasterofHands.as in files (unchanged)
01/23/2026 22:28:28: No files added from online
01/23/2026 22:29:31: Script started. PID=39924, Args=C:\Users\glwex\Documents\GitHub\SSF2-Event-Vault\SSF2 Event Compiler.exe
01/23/2026 22:29:31: GUI init - loaded savedSelected count=0
01/23/2026 22:29:31: GUI init - built events count=6
01/23/2026 22:29:32: Skipped EventMode53MasterofHands.as in online (unchanged)
01/23/2026 22:29:32: Skipped EventMode53MasterofHands.as in files (unchanged)
01/23/2026 22:29:32: No files added from online
01/23/2026 22:39:39: Script started. PID=42756, Args=C:\Users\glwex\Documents\GitHub\SSF2-Event-Vault\SSF2 Event Compiler.exe
01/23/2026 22:39:39: GUI init - loaded savedSelected count=0
01/23/2026 22:39:39: GUI init - built events count=6
01/23/2026 22:39:40: Skipped EventMode53MasterofHands.as in online (unchanged)
01/23/2026 22:39:40: Skipped EventMode53MasterofHands.as in files (unchanged)
01/23/2026 22:39:40: No files added from online
01/23/2026 22:39:44: Populated Sort list with 6 events; checked count=0
01/23/2026 22:39:51: Populated Sort list with 6 events; checked count=0
01/23/2026 22:40:07: Populated Sort list with 6 events; checked count=0
01/23/2026 22:40:33: Script started. PID=42760, Args=C:\Users\glwex\Documents\GitHub\SSF2-Event-Vault\SSF2 Event Compiler.exe
01/23/2026 22:40:33: Loaded saved selections count=1: EventMode568P_Ditto
01/23/2026 22:40:33: GUI init - loaded savedSelected count=1
01/23/2026 22:40:33: GUI init - built events count=5
01/23/2026 22:40:35: Downloaded EventMode53MasterofHands.as to online
01/23/2026 22:40:35: Skipped EventMode53MasterofHands.as in files (unchanged)
01/23/2026 22:40:35: 1 file added from online
01/23/2026 22:40:38: Reloaded saved selections count=1: EventMode568P_Ditto
01/23/2026 22:40:38: Populated Sort list with 5 events; checked count=1
01/23/2026 22:40:40: Reloaded saved selections count=1: EventMode568P_Ditto
01/23/2026 22:40:40: Populated Sort list with 5 events; checked count=1
01/23/2026 22:40:58: Reloaded saved selections count=1: EventMode568P_Ditto
01/23/2026 22:40:58: Populated Sort list with 5 events; checked count=1
01/23/2026 22:43:49: Script started. PID=38088, Args=console legacy
01/23/2026 22:43:49: Skipped EventMode53MasterofHands.as in online (unchanged)
01/23/2026 22:43:49: Skipped EventMode53MasterofHands.as in files (unchanged)
01/23/2026 22:43:49: No files added from online
01/23/2026 22:44:35: Script started. PID=25292, Args=C:\Users\glwex\Documents\GitHub\SSF2-Event-Vault\SSF2 Event Compiler.exe
01/23/2026 22:44:35: Loaded saved selections count=1: EventMode568P_Ditto
01/23/2026 22:44:35: GUI init - loaded savedSelected count=1
01/23/2026 22:44:35: GUI init - built events count=6
01/23/2026 22:44:36: Skipped EventMode53MasterofHands.as in online (unchanged)
01/23/2026 22:44:36: Skipped EventMode53MasterofHands.as in files (unchanged)
01/23/2026 22:44:36: No files added from online
01/23/2026 22:44:40: Reloaded saved selections count=1: EventMode568P_Ditto
01/23/2026 22:44:40: Populated Sort list with 6 events; checked count=1
01/23/2026 22:44:49: Script started. PID=14108, Args=C:\Users\glwex\Documents\GitHub\SSF2-Event-Vault\SSF2 Event Compiler.exe
01/23/2026 22:44:49: Loaded saved selections count=1: EventMode568P_Ditto
01/23/2026 22:44:49: GUI init - loaded savedSelected count=1
01/23/2026 22:44:49: GUI init - built events count=6
01/23/2026 22:44:50: Skipped EventMode53MasterofHands.as in online (unchanged)
01/23/2026 22:44:50: Skipped EventMode53MasterofHands.as in files (unchanged)
01/23/2026 22:44:50: No files added from online
01/23/2026 22:44:57: Reloaded saved selections count=1: EventMode568P_Ditto
01/23/2026 22:44:57: Populated Sort list with 6 events; checked count=1
01/23/2026 22:45:13: Skipped EventMode53MasterofHands.as in online (unchanged)
01/23/2026 22:45:13: Skipped EventMode53MasterofHands.as in files (unchanged)
01/23/2026 22:45:13: No files added from online
01/23/2026 22:45:15: Reloaded saved selections count=6: EventMode568P_Ditto,EventMode53MasterofHands,EventModeTemplate_BossBattle,EventMode58_KurbyStrikesBack,EventMode55_TheDevilWithin,EventMode53MasterofHands
01/23/2026 22:45:15: Populated Sort list with 6 events; checked count=6
01/23/2026 22:48:01: Script started. PID=8448, Args=console
01/23/2026 22:48:01: Skipped EventMode53MasterofHands.as in online (unchanged)
01/23/2026 22:48:01: Skipped EventMode53MasterofHands.as in files (unchanged)
01/23/2026 22:48:01: No files added from online
1/23/2026 10:48:01 PM: Starting compilation
1/23/2026 10:48:03 PM: Exit code: 0
1/23/2026 10:48:03 PM: Compilation complete
01/23/2026 22:48:08: Script started. PID=37864, Args=C:\Users\glwex\Documents\GitHub\SSF2-Event-Vault\SSF2 Event Compiler.exe
01/23/2026 22:48:08: Loaded saved selections count=6: EventMode568P_Ditto,EventMode53MasterofHands,EventModeTemplate_BossBattle,EventMode58_KurbyStrikesBack,EventMode55_TheDevilWithin,EventMode53MasterofHands
01/23/2026 22:48:08: GUI init - loaded savedSelected count=6
01/23/2026 22:48:08: GUI init - built events count=6
01/23/2026 22:48:09: Skipped EventMode53MasterofHands.as in online (unchanged)
01/23/2026 22:48:09: Skipped EventMode53MasterofHands.as in files (unchanged)
01/23/2026 22:48:09: No files added from online
01/23/2026 22:48:11: Reloaded saved selections count=6: EventMode568P_Ditto,EventMode53MasterofHands,EventModeTemplate_BossBattle,EventMode58_KurbyStrikesBack,EventMode55_TheDevilWithin,EventMode53MasterofHands
01/23/2026 22:48:11: Populated Sort list with 6 events; checked count=6
01/23/2026 22:48:25: Script started. PID=10696, Args=
01/23/2026 22:48:25: Loaded saved selections count=6: EventMode568P_Ditto,EventMode53MasterofHands,EventModeTemplate_BossBattle,EventMode58_KurbyStrikesBack,EventMode55_TheDevilWithin,EventMode53MasterofHands
01/23/2026 22:48:25: GUI init - loaded savedSelected count=6
01/23/2026 22:48:25: GUI init - built events count=6
01/23/2026 22:48:26: Skipped EventMode53MasterofHands.as in online (unchanged)
01/23/2026 22:48:26: Skipped EventMode53MasterofHands.as in files (unchanged)
01/23/2026 22:48:26: No files added from online
01/23/2026 22:48:29: Reloaded saved selections count=6: EventMode568P_Ditto,EventMode53MasterofHands,EventModeTemplate_BossBattle,EventMode58_KurbyStrikesBack,EventMode55_TheDevilWithin,EventMode53MasterofHands
01/23/2026 22:48:29: Populated Sort list with 6 events; checked count=6
01/23/2026 22:48:50: Script started. PID=9552, Args=
01/23/2026 22:48:50: Loaded saved selections count=6: EventMode568P_Ditto,EventMode53MasterofHands,EventModeTemplate_BossBattle,EventMode58_KurbyStrikesBack,EventMode55_TheDevilWithin,EventMode53MasterofHands
01/23/2026 22:48:50: GUI init - loaded savedSelected count=6
01/23/2026 22:48:50: GUI init - built events count=6
01/23/2026 22:48:51: Skipped EventMode53MasterofHands.as in online (unchanged)
01/23/2026 22:48:51: Skipped EventMode53MasterofHands.as in files (unchanged)
01/23/2026 22:48:51: No files added from online
01/23/2026 22:48:56: Reloaded saved selections count=6: EventMode568P_Ditto,EventMode53MasterofHands,EventModeTemplate_BossBattle,EventMode58_KurbyStrikesBack,EventMode55_TheDevilWithin,EventMode53MasterofHands
01/23/2026 22:48:56: Populated Sort list with 6 events; checked count=6
01/23/2026 22:49:01: Reloaded saved selections count=6: EventMode568P_Ditto,EventMode53MasterofHands,EventModeTemplate_BossBattle,EventMode58_KurbyStrikesBack,EventMode55_TheDevilWithin,EventMode53MasterofHands
01/23/2026 22:49:01: Populated Sort list with 6 events; checked count=6
01/23/2026 22:49:05: Reloaded saved selections count=6: EventMode568P_Ditto,EventMode53MasterofHands,EventModeTemplate_BossBattle,EventMode58_KurbyStrikesBack,EventMode55_TheDevilWithin,EventMode53MasterofHands
01/23/2026 22:49:05: Populated Sort list with 6 events; checked count=6
01/23/2026 22:49:06: Reloaded saved selections count=6: EventMode568P_Ditto,EventMode53MasterofHands,EventModeTemplate_BossBattle,EventMode58_KurbyStrikesBack,EventMode55_TheDevilWithin,EventMode53MasterofHands
01/23/2026 22:49:06: Populated Sort list with 6 events; checked count=6
01/23/2026 22:50:15: Script started. PID=14496, Args=console
01/23/2026 22:50:15: Skipped EventMode53MasterofHands.as in online (unchanged)
01/23/2026 22:50:15: Skipped EventMode53MasterofHands.as in files (unchanged)
01/23/2026 22:50:15: No files added from online
1/23/2026 10:50:16 PM: Starting compilation
1/23/2026 10:50:17 PM: Exit code: 0
1/23/2026 10:50:17 PM: Compilation complete
01/23/2026 22:50:21: Script started. PID=27788, Args=C:\Users\glwex\Documents\GitHub\SSF2-Event-Vault\SSF2 Event Compiler.exe
01/23/2026 22:50:21: Loaded saved selections count=6: EventMode568P_Ditto,EventMode53MasterofHands,EventModeTemplate_BossBattle,EventMode58_KurbyStrikesBack,EventMode55_TheDevilWithin,EventMode53MasterofHands
01/23/2026 22:50:21: GUI init - loaded savedSelected count=6
01/23/2026 22:50:21: GUI init - built events count=6
01/23/2026 22:50:21: Skipped EventMode53MasterofHands.as in online (unchanged)
01/23/2026 22:50:21: Skipped EventMode53MasterofHands.as in files (unchanged)
01/23/2026 22:50:21: No files added from online
01/23/2026 22:50:23: Reloaded saved selections count=6: EventMode568P_Ditto,EventMode53MasterofHands,EventModeTemplate_BossBattle,EventMode58_KurbyStrikesBack,EventMode55_TheDevilWithin,EventMode53MasterofHands
01/23/2026 22:50:23: Populated Sort list with 6 events; checked count=6
01/23/2026 22:50:24: Script started. PID=3788, Args=
01/23/2026 22:50:24: Loaded saved selections count=6: EventMode568P_Ditto,EventMode53MasterofHands,EventModeTemplate_BossBattle,EventMode58_KurbyStrikesBack,EventMode55_TheDevilWithin,EventMode53MasterofHands
01/23/2026 22:50:24: GUI init - loaded savedSelected count=6
01/23/2026 22:50:24: GUI init - built events count=6
01/23/2026 22:50:25: Skipped EventMode53MasterofHands.as in online (unchanged)
01/23/2026 22:50:25: Skipped EventMode53MasterofHands.as in files (unchanged)
01/23/2026 22:50:25: No files added from online
01/23/2026 22:50:28: Reloaded saved selections count=6: EventMode568P_Ditto,EventMode53MasterofHands,EventModeTemplate_BossBattle,EventMode58_KurbyStrikesBack,EventMode55_TheDevilWithin,EventMode53MasterofHands
01/23/2026 22:50:28: Populated Sort list with 6 events; checked count=6
01/23/2026 22:50:52: Script started. PID=42144, Args=
01/23/2026 22:50:52: Loaded saved selections count=6: EventMode568P_Ditto,EventMode53MasterofHands,EventModeTemplate_BossBattle,EventMode58_KurbyStrikesBack,EventMode55_TheDevilWithin,EventMode53MasterofHands
01/23/2026 22:50:52: GUI init - loaded savedSelected count=6
01/23/2026 22:50:52: GUI init - built events count=6
01/23/2026 22:50:53: Skipped EventMode53MasterofHands.as in online (unchanged)
01/23/2026 22:50:53: Skipped EventMode53MasterofHands.as in files (unchanged)
01/23/2026 22:50:53: No files added from online
01/23/2026 22:50:55: Reloaded saved selections count=6: EventMode568P_Ditto,EventMode53MasterofHands,EventModeTemplate_BossBattle,EventMode58_KurbyStrikesBack,EventMode55_TheDevilWithin,EventMode53MasterofHands
01/23/2026 22:50:55: Populated Sort list with 6 events; checked count=6
01/23/2026 22:51:09: Script started. PID=39852, Args=
01/23/2026 22:51:09: Loaded saved selections count=6: EventMode568P_Ditto,EventMode53MasterofHands,EventModeTemplate_BossBattle,EventMode58_KurbyStrikesBack,EventMode55_TheDevilWithin,EventMode53MasterofHands
01/23/2026 22:51:09: GUI init - loaded savedSelected count=6
01/23/2026 22:51:09: GUI init - built events count=6
01/23/2026 22:51:09: Skipped EventMode53MasterofHands.as in online (unchanged)
01/23/2026 22:51:09: Skipped EventMode53MasterofHands.as in files (unchanged)
01/23/2026 22:51:09: No files added from online
01/23/2026 22:51:12: Reloaded saved selections count=6: EventMode568P_Ditto,EventMode53MasterofHands,EventModeTemplate_BossBattle,EventMode58_KurbyStrikesBack,EventMode55_TheDevilWithin,EventMode53MasterofHands
01/23/2026 22:51:12: Populated Sort list with 6 events; checked count=6
01/23/2026 22:51:47: Script started. PID=27184, Args=console
01/23/2026 22:51:48: Skipped EventMode53MasterofHands.as in online (unchanged)
01/23/2026 22:51:48: Skipped EventMode53MasterofHands.as in files (unchanged)
01/23/2026 22:51:48: No files added from online
1/23/2026 10:51:48 PM: Starting compilation
1/23/2026 10:51:50 PM: Exit code: 0
1/23/2026 10:51:50 PM: Compilation complete
01/23/2026 22:52:11: Script started. PID=42260, Args=
01/23/2026 22:52:11: Loaded saved selections count=6: EventMode568P_Ditto,EventMode53MasterofHands,EventModeTemplate_BossBattle,EventMode58_KurbyStrikesBack,EventMode55_TheDevilWithin,EventMode53MasterofHands
01/23/2026 22:52:12: GUI init - loaded savedSelected count=6
01/23/2026 22:52:12: GUI init - built events count=0
01/23/2026 22:52:12: Skipped EventMode53MasterofHands.as in online (unchanged)
01/23/2026 22:52:12: Skipped EventMode53MasterofHands.as in files (unchanged)
01/23/2026 22:52:12: No files added from online
01/23/2026 22:52:14: Reloaded saved selections count=6: EventMode568P_Ditto,EventMode53MasterofHands,EventModeTemplate_BossBattle,EventMode58_KurbyStrikesBack,EventMode55_TheDevilWithin,EventMode53MasterofHands
01/23/2026 22:52:14: Populated Sort list with 0 events; checked count=0
01/23/2026 22:52:17: Reloaded saved selections count=6: EventMode568P_Ditto,EventMode53MasterofHands,EventModeTemplate_BossBattle,EventMode58_KurbyStrikesBack,EventMode55_TheDevilWithin,EventMode53MasterofHands
01/23/2026 22:52:17: Populated Sort list with 0 events; checked count=0
01/23/2026 22:52:31: Script started. PID=31164, Args=C:\Users\glwex\Documents\GitHub\SSF2-Event-Vault\SSF2 Event Compiler.exe
01/23/2026 22:52:31: Loaded saved selections count=6: EventMode568P_Ditto,EventMode53MasterofHands,EventModeTemplate_BossBattle,EventMode58_KurbyStrikesBack,EventMode55_TheDevilWithin,EventMode53MasterofHands
01/23/2026 22:52:31: GUI init - loaded savedSelected count=6
01/23/2026 22:52:31: GUI init - built events count=0
01/23/2026 22:52:32: Skipped EventMode53MasterofHands.as in online (unchanged)
01/23/2026 22:52:32: Skipped EventMode53MasterofHands.as in files (unchanged)
01/23/2026 22:52:32: No files added from online
01/23/2026 22:52:33: Reloaded saved selections count=6: EventMode568P_Ditto,EventMode53MasterofHands,EventModeTemplate_BossBattle,EventMode58_KurbyStrikesBack,EventMode55_TheDevilWithin,EventMode53MasterofHands
01/23/2026 22:52:33: Populated Sort list with 0 events; checked count=0
01/23/2026 22:53:17: Script started. PID=27684, Args=
01/23/2026 22:53:17: Loaded saved selections count=6: EventMode568P_Ditto,EventMode53MasterofHands,EventModeTemplate_BossBattle,EventMode58_KurbyStrikesBack,EventMode55_TheDevilWithin,EventMode53MasterofHands
01/23/2026 22:53:17: GUI init - loaded savedSelected count=6
01/23/2026 22:53:17: GUI init - built events count=0
01/23/2026 22:53:18: Skipped EventMode53MasterofHands.as in online (unchanged)
01/23/2026 22:53:18: Skipped EventMode53MasterofHands.as in files (unchanged)
01/23/2026 22:53:18: No files added from online
01/23/2026 22:53:44: Reloaded saved selections count=6: EventMode568P_Ditto,EventMode53MasterofHands,EventModeTemplate_BossBattle,EventMode58_KurbyStrikesBack,EventMode55_TheDevilWithin,EventMode53MasterofHands
01/23/2026 22:53:44: Populated Sort list with 0 events; checked count=0
01/23/2026 22:54:19: Script started. PID=34528, Args=
01/23/2026 22:54:19: Loaded saved selections count=6: EventMode568P_Ditto,EventMode53MasterofHands,EventModeTemplate_BossBattle,EventMode58_KurbyStrikesBack,EventMode55_TheDevilWithin,EventMode53MasterofHands
01/23/2026 22:54:19: GUI init - loaded savedSelected count=6
01/23/2026 22:54:19: GUI init - built events count=6
01/23/2026 22:54:20: Skipped EventMode53MasterofHands.as in online (unchanged)
01/23/2026 22:54:20: Skipped EventMode53MasterofHands.as in files (unchanged)
01/23/2026 22:54:20: No files added from online
01/23/2026 22:54:23: Reloaded saved selections count=6: EventMode568P_Ditto,EventMode53MasterofHands,EventModeTemplate_BossBattle,EventMode58_KurbyStrikesBack,EventMode55_TheDevilWithin,EventMode53MasterofHands
01/23/2026 22:54:23: Populated Sort list with 6 events; checked count=6
01/23/2026 22:54:32: Script started. PID=28460, Args=C:\Users\glwex\Documents\GitHub\SSF2-Event-Vault\SSF2 Event Compiler.exe
01/23/2026 22:54:33: Loaded saved selections count=6: EventMode568P_Ditto,EventMode53MasterofHands,EventModeTemplate_BossBattle,EventMode58_KurbyStrikesBack,EventMode55_TheDevilWithin,EventMode53MasterofHands
01/23/2026 22:54:33: GUI init - loaded savedSelected count=6
01/23/2026 22:54:33: GUI init - built events count=6
01/23/2026 22:54:33: Skipped EventMode53MasterofHands.as in online (unchanged)
01/23/2026 22:54:33: Skipped EventMode53MasterofHands.as in files (unchanged)
01/23/2026 22:54:33: No files added from online
01/23/2026 22:54:36: Reloaded saved selections count=6: EventMode568P_Ditto,EventMode53MasterofHands,EventModeTemplate_BossBattle,EventMode58_KurbyStrikesBack,EventMode55_TheDevilWithin,EventMode53MasterofHands
01/23/2026 22:54:36: Populated Sort list with 6 events; checked count=6
01/23/2026 22:54:51: Reloaded saved selections count=1: EventMode568P_Ditto
01/23/2026 22:54:51: Populated Sort list with 6 events; checked count=1
01/23/2026 22:55:40: Reloaded saved selections count=1: EventMode568P_Ditto
01/23/2026 22:55:40: Populated Sort list with 6 events; checked count=1
01/23/2026 22:55:44: Reloaded saved selections count=1: EventMode568P_Ditto
01/23/2026 22:55:44: Populated Sort list with 6 events; checked count=1
01/23/2026 22:55:47: Reloaded saved selections count=1: EventMode568P_Ditto
01/23/2026 22:55:47: Populated Sort list with 6 events; checked count=1
01/23/2026 22:55:47: Reloaded saved selections count=1: EventMode568P_Ditto
01/23/2026 22:55:47: Populated Sort list with 6 events; checked count=1
01/23/2026 22:57:35: Script started. PID=32640, Args=
01/23/2026 22:57:35: Loaded saved selections count=1: EventMode568P_Ditto
01/23/2026 22:57:35: Populated Sort list with 5 events; checked count=0
01/23/2026 22:57:35: GUI init - loaded savedSelected count=1
01/23/2026 22:57:35: GUI init - built events count=5
01/23/2026 22:57:36: Downloaded EventMode53MasterofHands.as to online
01/23/2026 22:57:36: Skipped EventMode53MasterofHands.as in files (unchanged)
01/23/2026 22:57:36: 1 file added from online
01/23/2026 22:58:09: Script started. PID=31112, Args=
01/23/2026 22:58:09: Loaded saved selections count=1: EventMode568P_Ditto
01/23/2026 22:58:10: GUI init - loaded savedSelected count=1
01/23/2026 22:58:10: GUI init - built events count=6
01/23/2026 22:58:10: Skipped EventMode53MasterofHands.as in online (unchanged)
01/23/2026 22:58:10: Skipped EventMode53MasterofHands.as in files (unchanged)
01/23/2026 22:58:10: No files added from online
01/23/2026 22:58:10: Populated Sort list with 6 events; checked count=1
01/23/2026 22:59:56: Script started. PID=5812, Args=
01/23/2026 22:59:56: Loaded saved selections count=1: EventMode568P_Ditto
01/23/2026 22:59:57: GUI init - loaded savedSelected count=1
01/23/2026 22:59:57: GUI init - built events count=6
01/23/2026 22:59:57: Skipped EventMode53MasterofHands.as in online (unchanged)
01/23/2026 22:59:57: Skipped EventMode53MasterofHands.as in files (unchanged)
01/23/2026 22:59:57: No files added from online
01/23/2026 22:59:57: Populated Sort list with 6 events; checked count=1
01/23/2026 23:00:50: Script started. PID=42300, Args=
01/23/2026 23:00:50: Loaded saved selections count=1: EventMode568P_Ditto
01/23/2026 23:00:50: GUI init - loaded savedSelected count=1
01/23/2026 23:00:50: GUI init - built events count=6
01/23/2026 23:00:51: Skipped EventMode53MasterofHands.as in online (unchanged)
01/23/2026 23:00:51: Skipped EventMode53MasterofHands.as in files (unchanged)
01/23/2026 23:00:51: No files added from online
01/23/2026 23:00:51: Populated Sort list with 6 events; checked count=1
01/23/2026 23:01:08: Script started. PID=41096, Args=
01/23/2026 23:01:08: Loaded saved selections count=1: EventMode568P_Ditto
01/23/2026 23:01:08: GUI init - loaded savedSelected count=1
01/23/2026 23:01:08: GUI init - built events count=6
01/23/2026 23:01:09: Skipped EventMode53MasterofHands.as in online (unchanged)
01/23/2026 23:01:09: Skipped EventMode53MasterofHands.as in files (unchanged)
01/23/2026 23:01:09: No files added from online
01/23/2026 23:01:09: Populated Sort list with 6 events; checked count=1
01/23/2026 23:01:28: Script started. PID=40108, Args=C:\Users\glwex\Documents\GitHub\SSF2-Event-Vault\SSF2 Event Compiler.exe
01/23/2026 23:01:28: Loaded saved selections count=1: EventMode568P_Ditto
01/23/2026 23:01:28: GUI init - loaded savedSelected count=1
01/23/2026 23:01:28: GUI init - built events count=6
01/23/2026 23:01:28: Skipped EventMode53MasterofHands.as in online (unchanged)
01/23/2026 23:01:28: Skipped EventMode53MasterofHands.as in files (unchanged)
01/23/2026 23:01:28: No files added from online
01/23/2026 23:01:28: Populated Sort list with 6 events; checked count=1
01/23/2026 23:01:58: Script started. PID=32304, Args=
01/23/2026 23:01:58: Loaded saved selections count=1: EventMode568P_Ditto
01/23/2026 23:01:58: GUI init - loaded savedSelected count=1
01/23/2026 23:01:58: GUI init - built events count=6
01/23/2026 23:01:58: Skipped EventMode53MasterofHands.as in online (unchanged)
01/23/2026 23:01:58: Skipped EventMode53MasterofHands.as in files (unchanged)
01/23/2026 23:01:58: No files added from online
01/23/2026 23:01:58: Populated Sort list with 6 events; checked count=1
01/23/2026 23:02:22: Script started. PID=10012, Args=
01/23/2026 23:02:22: Loaded saved selections count=1: EventMode568P_Ditto
01/23/2026 23:02:22: GUI init - loaded savedSelected count=1
01/23/2026 23:02:22: GUI init - built events count=6
01/23/2026 23:02:23: Skipped EventMode53MasterofHands.as in online (unchanged)
01/23/2026 23:02:23: Skipped EventMode53MasterofHands.as in files (unchanged)
01/23/2026 23:02:23: No files added from online
01/23/2026 23:02:23: Populated Sort list with 6 events; checked count=1
01/23/2026 23:03:07: Script started. PID=28568, Args=
01/23/2026 23:03:07: Loaded saved selections count=1: EventMode568P_Ditto
01/23/2026 23:03:07: GUI init - loaded savedSelected count=1
01/23/2026 23:03:07: GUI init - built events count=6
01/23/2026 23:03:08: Skipped EventMode53MasterofHands.as in online (unchanged)
01/23/2026 23:03:08: Skipped EventMode53MasterofHands.as in files (unchanged)
01/23/2026 23:03:08: No files added from online
01/23/2026 23:03:08: Populated Sort list with 6 events; checked count=1
01/23/2026 23:03:25: Script started. PID=39488, Args=
01/23/2026 23:03:25: Loaded saved selections count=1: EventMode568P_Ditto
01/23/2026 23:03:25: GUI init - loaded savedSelected count=1
01/23/2026 23:03:25: GUI init - built events count=6
01/23/2026 23:03:25: Skipped EventMode53MasterofHands.as in online (unchanged)
01/23/2026 23:03:25: Skipped EventMode53MasterofHands.as in files (unchanged)
01/23/2026 23:03:25: No files added from online
01/23/2026 23:03:25: Populated Sort list with 6 events; checked count=1
01/23/2026 23:05:01: Script started. PID=40448, Args=
01/23/2026 23:05:01: Loaded saved selections count=1: EventMode568P_Ditto
01/23/2026 23:05:01: GUI init - loaded savedSelected count=1
01/23/2026 23:05:01: GUI init - built events count=6
01/23/2026 23:05:02: Skipped EventMode53MasterofHands.as in online (unchanged)
01/23/2026 23:05:02: Skipped EventMode53MasterofHands.as in files (unchanged)
01/23/2026 23:05:02: No files added from online
01/23/2026 23:05:02: Populated Sort list with 6 events; checked count=1
01/23/2026 23:05:48: Script started. PID=41008, Args=C:\Users\glwex\Documents\GitHub\SSF2-Event-Vault\SSF2 Event Compiler.exe
01/23/2026 23:05:48: Loaded saved selections count=1: EventMode53MasterofHands
01/23/2026 23:05:48: GUI init - loaded savedSelected count=1
01/23/2026 23:05:48: GUI init - built events count=6
01/23/2026 23:05:49: Skipped EventMode53MasterofHands.as in online (unchanged)
01/23/2026 23:05:49: Skipped EventMode53MasterofHands.as in files (unchanged)
01/23/2026 23:05:49: No files added from online
01/23/2026 23:05:49: Populated Sort list with 6 events; checked count=2
01/23/2026 23:06:59: Script started. PID=6968, Args=C:\Users\glwex\Documents\GitHub\SSF2-Event-Vault\SSF2 Event Compiler.exe
01/23/2026 23:06:59: Loaded saved selections count=6: EventMode53MasterofHands,EventMode55_TheDevilWithin,EventMode568P_Ditto,EventMode58_KurbyStrikesBack,EventModeTemplate_BossBattle,EventMode53MasterofHands
01/23/2026 23:06:59: GUI init - loaded savedSelected count=6
01/23/2026 23:06:59: GUI init - built events count=6
01/23/2026 23:06:59: Skipped EventMode53MasterofHands.as in online (unchanged)
01/23/2026 23:06:59: Skipped EventMode53MasterofHands.as in files (unchanged)
01/23/2026 23:06:59: No files added from online
01/23/2026 23:06:59: Populated Sort list with 6 events; checked count=6
01/23/2026 23:07:10: Script started. PID=42304, Args=
01/23/2026 23:07:10: Loaded saved selections count=6: EventMode53MasterofHands,EventMode55_TheDevilWithin,EventMode568P_Ditto,EventMode58_KurbyStrikesBack,EventModeTemplate_BossBattle,EventMode53MasterofHands
01/23/2026 23:07:10: GUI init - loaded savedSelected count=6
01/23/2026 23:07:10: GUI init - built events count=6
01/23/2026 23:07:11: Skipped EventMode53MasterofHands.as in online (unchanged)
01/23/2026 23:07:11: Skipped EventMode53MasterofHands.as in files (unchanged)
01/23/2026 23:07:11: No files added from online
01/23/2026 23:07:11: Populated Sort list with 6 events; checked count=6
1/23/2026 11:07:16 PM: Starting compilation
1/23/2026 11:07:18 PM: Exit code: 0
1/23/2026 11:07:18 PM: Compilation complete
01/23/2026 23:07:32: Script started. PID=34968, Args=C:\Users\glwex\Documents\GitHub\SSF2-Event-Vault\SSF2 Event Compiler.exe
01/23/2026 23:07:32: Loaded saved selections count=6: EventMode53MasterofHands,EventMode55_TheDevilWithin,EventMode568P_Ditto,EventMode58_KurbyStrikesBack,EventModeTemplate_BossBattle,EventMode53MasterofHands
01/23/2026 23:07:32: GUI init - loaded savedSelected count=6
01/23/2026 23:07:32: GUI init - built events count=6
01/23/2026 23:07:32: Skipped EventMode53MasterofHands.as in online (unchanged)
01/23/2026 23:07:32: Skipped EventMode53MasterofHands.as in files (unchanged)
01/23/2026 23:07:32: No files added from online
01/23/2026 23:07:32: Populated Sort list with 6 events; checked count=6
01/23/2026 23:07:44: Script started. PID=36988, Args=C:\Users\glwex\Documents\GitHub\SSF2-Event-Vault\SSF2 Event Compiler.exe
01/23/2026 23:07:44: Loaded saved selections count=6: EventMode53MasterofHands,EventMode55_TheDevilWithin,EventMode568P_Ditto,EventMode58_KurbyStrikesBack,EventModeTemplate_BossBattle,EventMode53MasterofHands
01/23/2026 23:07:44: GUI init - loaded savedSelected count=6
01/23/2026 23:07:44: GUI init - built events count=6
01/23/2026 23:07:44: Skipped EventMode53MasterofHands.as in online (unchanged)
01/23/2026 23:07:44: Skipped EventMode53MasterofHands.as in files (unchanged)
01/23/2026 23:07:44: No files added from online
01/23/2026 23:07:45: Populated Sort list with 6 events; checked count=6
01/23/2026 23:08:20: Script started. PID=29736, Args=C:\Users\glwex\Documents\GitHub\SSF2-Event-Vault\SSF2 Event Compiler.exe
01/23/2026 23:08:20: Loaded saved selections count=6: EventMode53MasterofHands,EventMode55_TheDevilWithin,EventMode568P_Ditto,EventMode58_KurbyStrikesBack,EventModeTemplate_BossBattle,EventMode53MasterofHands
01/23/2026 23:08:20: GUI init - loaded savedSelected count=6
01/23/2026 23:08:20: GUI init - built events count=6
01/23/2026 23:08:21: Skipped EventMode53MasterofHands.as in online (unchanged)
01/23/2026 23:08:21: Skipped EventMode53MasterofHands.as in files (unchanged)
01/23/2026 23:08:21: No files added from online
01/23/2026 23:08:21: Populated Sort list with 6 events; checked count=6
01/23/2026 23:09:45: Script started. PID=35004, Args=C:\Users\glwex\Documents\GitHub\SSF2-Event-Vault\SSF2 Event Compiler.exe
01/23/2026 23:09:45: Loaded saved selections count=6: EventMode53MasterofHands,EventMode55_TheDevilWithin,EventMode568P_Ditto,EventMode58_KurbyStrikesBack,EventModeTemplate_BossBattle,EventMode53MasterofHands
01/23/2026 23:09:45: GUI init - loaded savedSelected count=6
01/23/2026 23:09:45: GUI init - built events count=6
01/23/2026 23:09:46: Skipped EventMode53MasterofHands.as in online (unchanged)
01/23/2026 23:09:46: Skipped EventMode53MasterofHands.as in files (unchanged)
01/23/2026 23:09:46: No files added from online
01/23/2026 23:09:46: Populated Sort list with 6 events; checked count=6
01/23/2026 23:11:05: Script started. PID=22292, Args=C:\Users\glwex\Documents\GitHub\SSF2-Event-Vault\SSF2 Event Compiler.exe
01/23/2026 23:11:05: Loaded saved selections count=6: EventMode53MasterofHands,EventMode55_TheDevilWithin,EventMode568P_Ditto,EventMode58_KurbyStrikesBack,EventModeTemplate_BossBattle,EventMode53MasterofHands
01/23/2026 23:11:05: GUI init - loaded savedSelected count=6
01/23/2026 23:11:05: GUI init - built events count=6
01/23/2026 23:11:05: Skipped EventMode53MasterofHands.as in online (unchanged)
01/23/2026 23:11:05: Skipped EventMode53MasterofHands.as in files (unchanged)
01/23/2026 23:11:05: No files added from online
01/23/2026 23:11:05: Populated Sort list with 6 events; checked count=6
01/23/2026 23:12:38: Script started. PID=42424, Args=C:\Users\glwex\Documents\GitHub\SSF2-Event-Vault\SSF2 Event Compiler.exe
01/23/2026 23:12:39: Loaded saved selections count=6: EventMode53MasterofHands,EventMode55_TheDevilWithin,EventMode568P_Ditto,EventMode58_KurbyStrikesBack,EventModeTemplate_BossBattle,EventMode53MasterofHands
01/23/2026 23:12:39: GUI init - loaded savedSelected count=6
01/23/2026 23:12:39: GUI init - built events count=6
01/23/2026 23:12:39: Skipped EventMode53MasterofHands.as in online (unchanged)
01/23/2026 23:12:39: Skipped EventMode53MasterofHands.as in files (unchanged)
01/23/2026 23:12:39: No files added from online
01/23/2026 23:12:39: Populated Sort list with 6 events; checked count=6
01/23/2026 23:14:48: Script started. PID=9712, Args=C:\Users\glwex\Documents\GitHub\SSF2-Event-Vault\SSF2 Event Compiler.exe
01/23/2026 23:14:48: Loaded saved selections count=6: EventMode53MasterofHands,EventMode55_TheDevilWithin,EventMode568P_Ditto,EventMode58_KurbyStrikesBack,EventModeTemplate_BossBattle,EventMode53MasterofHands
01/23/2026 23:14:48: GUI init - loaded savedSelected count=6
01/23/2026 23:14:48: GUI init - built events count=6
01/23/2026 23:14:49: Skipped EventMode53MasterofHands.as in online (unchanged)
01/23/2026 23:14:49: Skipped EventMode53MasterofHands.as in files (unchanged)
01/23/2026 23:14:49: No files added from online
01/23/2026 23:14:49: Populated Sort list with 6 events; checked count=6
01/23/2026 23:15:04: Script started. PID=28180, Args=C:\Users\glwex\Documents\GitHub\SSF2-Event-Vault\SSF2 Event Compiler.exe
01/23/2026 23:15:04: Loaded saved selections count=6: EventMode53MasterofHands,EventMode55_TheDevilWithin,EventMode568P_Ditto,EventMode58_KurbyStrikesBack,EventModeTemplate_BossBattle,EventMode53MasterofHands
01/23/2026 23:15:05: GUI init - loaded savedSelected count=6
01/23/2026 23:15:05: GUI init - built events count=6
01/23/2026 23:15:05: Skipped EventMode53MasterofHands.as in online (unchanged)
01/23/2026 23:15:05: Skipped EventMode53MasterofHands.as in files (unchanged)
01/23/2026 23:15:05: No files added from online
01/23/2026 23:15:05: Populated Sort list with 6 events; checked count=6
01/23/2026 23:16:07: Script started. PID=29564, Args=C:\Users\glwex\Documents\GitHub\SSF2-Event-Vault\SSF2 Event Compiler.exe
01/23/2026 23:16:07: Loaded saved selections count=6: EventMode53MasterofHands,EventMode55_TheDevilWithin,EventMode568P_Ditto,EventMode58_KurbyStrikesBack,EventModeTemplate_BossBattle,EventMode53MasterofHands
01/23/2026 23:16:07: GUI init - loaded savedSelected count=6
01/23/2026 23:16:07: GUI init - built events count=6
01/23/2026 23:16:07: Skipped EventMode53MasterofHands.as in online (unchanged)
01/23/2026 23:16:07: Skipped EventMode53MasterofHands.as in files (unchanged)
01/23/2026 23:16:07: No files added from online
01/23/2026 23:16:07: Populated Sort list with 6 events; checked count=6
01/23/2026 23:16:37: Script started. PID=39108, Args=C:\Users\glwex\Documents\GitHub\SSF2-Event-Vault\SSF2 Event Compiler.exe
01/23/2026 23:16:37: Loaded saved selections count=6: EventMode53MasterofHands,EventMode55_TheDevilWithin,EventMode568P_Ditto,EventMode58_KurbyStrikesBack,EventModeTemplate_BossBattle,EventMode53MasterofHands
01/23/2026 23:16:37: GUI init - loaded savedSelected count=6
01/23/2026 23:16:37: GUI init - built events count=6
01/23/2026 23:16:38: Skipped EventMode53MasterofHands.as in online (unchanged)
01/23/2026 23:16:38: Skipped EventMode53MasterofHands.as in files (unchanged)
01/23/2026 23:16:38: No files added from online
01/23/2026 23:16:38: Populated Sort list with 6 events; checked count=6
01/23/2026 23:17:05: Script started. PID=33044, Args=C:\Users\glwex\Documents\GitHub\SSF2-Event-Vault\SSF2 Event Compiler.exe
01/23/2026 23:17:05: Loaded saved selections count=6: EventMode53MasterofHands,EventMode55_TheDevilWithin,EventMode568P_Ditto,EventMode58_KurbyStrikesBack,EventModeTemplate_BossBattle,EventMode53MasterofHands
01/23/2026 23:17:05: GUI init - loaded savedSelected count=6
01/23/2026 23:17:05: GUI init - built events count=6
01/23/2026 23:17:06: Skipped EventMode53MasterofHands.as in online (unchanged)
01/23/2026 23:17:06: Skipped EventMode53MasterofHands.as in files (unchanged)
01/23/2026 23:17:06: No files added from online
01/23/2026 23:17:06: Populated Sort list with 6 events; checked count=6
01/23/2026 23:17:15: Script started. PID=9924, Args=C:\Users\glwex\Documents\GitHub\SSF2-Event-Vault\SSF2 Event Compiler.exe
01/23/2026 23:17:15: Loaded saved selections count=6: EventMode53MasterofHands,EventMode55_TheDevilWithin,EventMode568P_Ditto,EventMode58_KurbyStrikesBack,EventModeTemplate_BossBattle,EventMode53MasterofHands
01/23/2026 23:17:15: GUI init - loaded savedSelected count=6
01/23/2026 23:17:15: GUI init - built events count=6
01/23/2026 23:17:16: Skipped EventMode53MasterofHands.as in online (unchanged)
01/23/2026 23:17:16: Skipped EventMode53MasterofHands.as in files (unchanged)
01/23/2026 23:17:16: No files added from online
01/23/2026 23:17:16: Populated Sort list with 6 events; checked count=6
01/23/2026 23:17:48: Script started. PID=42992, Args=C:\Users\glwex\Documents\GitHub\SSF2-Event-Vault\SSF2 Event Compiler.exe
01/23/2026 23:17:48: Loaded saved selections count=6: EventMode53MasterofHands,EventMode55_TheDevilWithin,EventMode568P_Ditto,EventMode58_KurbyStrikesBack,EventModeTemplate_BossBattle,EventMode53MasterofHands
01/23/2026 23:17:48: GUI init - loaded savedSelected count=6
01/23/2026 23:17:48: GUI init - built events count=6
01/23/2026 23:17:48: Skipped EventMode53MasterofHands.as in online (unchanged)
01/23/2026 23:17:48: Skipped EventMode53MasterofHands.as in files (unchanged)
01/23/2026 23:17:48: No files added from online
01/23/2026 23:17:48: Populated Sort list with 6 events; checked count=6
01/23/2026 23:18:20: Script started. PID=41240, Args=C:\Users\glwex\Documents\GitHub\SSF2-Event-Vault\SSF2 Event Compiler.exe
01/23/2026 23:18:20: Loaded saved selections count=6: EventMode53MasterofHands,EventMode55_TheDevilWithin,EventMode568P_Ditto,EventMode58_KurbyStrikesBack,EventModeTemplate_BossBattle,EventMode53MasterofHands
01/23/2026 23:18:20: GUI init - loaded savedSelected count=6
01/23/2026 23:18:20: GUI init - built events count=6
01/23/2026 23:18:20: Skipped EventMode53MasterofHands.as in online (unchanged)
01/23/2026 23:18:20: Skipped EventMode53MasterofHands.as in files (unchanged)
01/23/2026 23:18:20: No files added from online
01/23/2026 23:18:20: Populated Sort list with 6 events; checked count=6
01/23/2026 23:18:45: Script started. PID=13136, Args=C:\Users\glwex\Documents\GitHub\SSF2-Event-Vault\SSF2 Event Compiler.exe
01/23/2026 23:18:45: Loaded saved selections count=6: EventMode53MasterofHands,EventMode55_TheDevilWithin,EventMode568P_Ditto,EventMode58_KurbyStrikesBack,EventModeTemplate_BossBattle,EventMode53MasterofHands
01/23/2026 23:18:45: GUI init - loaded savedSelected count=6
01/23/2026 23:18:45: GUI init - built events count=6
01/23/2026 23:18:46: Skipped EventMode53MasterofHands.as in online (unchanged)
01/23/2026 23:18:46: Skipped EventMode53MasterofHands.as in files (unchanged)
01/23/2026 23:18:46: No files added from online
01/23/2026 23:18:46: Populated Sort list with 6 events; checked count=6
01/23/2026 23:19:11: Script started. PID=36300, Args=C:\Users\glwex\Documents\GitHub\SSF2-Event-Vault\SSF2 Event Compiler.exe
01/23/2026 23:19:11: Loaded saved selections count=6: EventMode53MasterofHands,EventMode55_TheDevilWithin,EventMode568P_Ditto,EventMode58_KurbyStrikesBack,EventModeTemplate_BossBattle,EventMode53MasterofHands
01/23/2026 23:19:11: GUI init - loaded savedSelected count=6
01/23/2026 23:19:11: GUI init - built events count=6
01/23/2026 23:19:12: Skipped EventMode53MasterofHands.as in online (unchanged)
01/23/2026 23:19:12: Skipped EventMode53MasterofHands.as in files (unchanged)
01/23/2026 23:19:12: No files added from online
01/23/2026 23:19:12: Populated Sort list with 6 events; checked count=6
01/23/2026 23:20:49: Script started. PID=39912, Args=C:\Users\glwex\Documents\GitHub\SSF2-Event-Vault\SSF2 Event Compiler.exe
01/23/2026 23:20:49: Loaded saved selections count=6: EventMode53MasterofHands,EventMode55_TheDevilWithin,EventMode568P_Ditto,EventMode58_KurbyStrikesBack,EventModeTemplate_BossBattle,EventMode53MasterofHands
01/23/2026 23:20:49: GUI init - loaded savedSelected count=6
01/23/2026 23:20:49: GUI init - built events count=6
01/23/2026 23:20:49: Skipped EventMode53MasterofHands.as in online (unchanged)
01/23/2026 23:20:49: Skipped EventMode53MasterofHands.as in files (unchanged)
01/23/2026 23:20:49: No files added from online
01/23/2026 23:20:49: Populated Sort list with 6 events; checked count=Microsoft.PowerShell.Commands.GenericMeasureInfo.Count
01/23/2026 23:21:45: Script started. PID=41616, Args=C:\Users\glwex\Documents\GitHub\SSF2-Event-Vault\SSF2 Event Compiler.exe
01/23/2026 23:21:45: Loaded saved selections count=6: EventMode53MasterofHands,EventMode55_TheDevilWithin,EventMode568P_Ditto,EventMode58_KurbyStrikesBack,EventModeTemplate_BossBattle,EventMode53MasterofHands
01/23/2026 23:21:45: GUI init - loaded savedSelected count=6
01/23/2026 23:21:45: GUI init - built events count=6
01/23/2026 23:21:45: Skipped EventMode53MasterofHands.as in online (unchanged)
01/23/2026 23:21:45: Skipped EventMode53MasterofHands.as in files (unchanged)
01/23/2026 23:21:45: No files added from online
01/23/2026 23:21:46: Populated Sort list with 6 events; checked count=Microsoft.PowerShell.Commands.GenericMeasureInfo.Count
01/23/2026 23:23:11: Script started. PID=25376, Args=C:\Users\glwex\Documents\GitHub\SSF2-Event-Vault\SSF2 Event Compiler.exe
01/23/2026 23:23:11: Loaded saved selections count=6: EventMode53MasterofHands,EventMode55_TheDevilWithin,EventMode568P_Ditto,EventMode58_KurbyStrikesBack,EventModeTemplate_BossBattle,EventMode53MasterofHands
01/23/2026 23:23:11: GUI init - loaded savedSelected count=6
01/23/2026 23:23:11: GUI init - built events count=6
01/23/2026 23:23:11: Skipped EventMode53MasterofHands.as in online (unchanged)
01/23/2026 23:23:11: Skipped EventMode53MasterofHands.as in files (unchanged)
01/23/2026 23:23:11: No files added from online
01/23/2026 23:23:12: Populated Sort list with 6 events; checked count=Microsoft.PowerShell.Commands.GenericMeasureInfo.Count
01/23/2026 23:23:22: Script started. PID=42600, Args=C:\Users\glwex\Documents\GitHub\SSF2-Event-Vault\SSF2 Event Compiler.exe
01/23/2026 23:23:22: Loaded saved selections count=6: EventMode53MasterofHands,EventMode55_TheDevilWithin,EventMode568P_Ditto,EventMode58_KurbyStrikesBack,EventModeTemplate_BossBattle,EventMode53MasterofHands
01/23/2026 23:23:22: GUI init - loaded savedSelected count=6
01/23/2026 23:23:22: GUI init - built events count=6
01/23/2026 23:23:22: Skipped EventMode53MasterofHands.as in online (unchanged)
01/23/2026 23:23:22: Skipped EventMode53MasterofHands.as in files (unchanged)
01/23/2026 23:23:22: No files added from online
01/23/2026 23:23:22: Populated Sort list with 6 events; checked count=Microsoft.PowerShell.Commands.GenericMeasureInfo.Count
01/23/2026 23:23:52: Script started. PID=38908, Args=C:\Users\glwex\Documents\GitHub\SSF2-Event-Vault\SSF2 Event Compiler.exe
01/23/2026 23:23:52: Loaded saved selections count=6: EventMode53MasterofHands,EventMode55_TheDevilWithin,EventMode568P_Ditto,EventMode58_KurbyStrikesBack,EventModeTemplate_BossBattle,EventMode53MasterofHands
01/23/2026 23:23:52: GUI init - loaded savedSelected count=6
01/23/2026 23:23:52: GUI init - built events count=6
01/23/2026 23:23:53: Sync-OnlineFiles failed: The remote server returned an error: (403) Forbidden.
01/23/2026 23:23:53: No files added from online
01/23/2026 23:23:53: Populated Sort list with 6 events; checked count=Microsoft.PowerShell.Commands.GenericMeasureInfo.Count
01/23/2026 23:24:03: Script started. PID=22488, Args=C:\Users\glwex\Documents\GitHub\SSF2-Event-Vault\SSF2 Event Compiler.exe
01/23/2026 23:24:03: Loaded saved selections count=6: EventMode53MasterofHands,EventMode55_TheDevilWithin,EventMode568P_Ditto,EventMode58_KurbyStrikesBack,EventModeTemplate_BossBattle,EventMode53MasterofHands
01/23/2026 23:24:03: GUI init - loaded savedSelected count=6
01/23/2026 23:24:03: GUI init - built events count=6
01/23/2026 23:24:04: Sync-OnlineFiles failed: The remote server returned an error: (403) Forbidden.
01/23/2026 23:24:04: No files added from online
01/23/2026 23:24:04: Populated Sort list with 6 events; checked count=Microsoft.PowerShell.Commands.GenericMeasureInfo.Count
01/23/2026 23:25:08: Script started. PID=42856, Args=C:\Users\glwex\Documents\GitHub\SSF2-Event-Vault\SSF2 Event Compiler.exe
01/23/2026 23:25:08: Loaded saved selections count=6: EventMode53MasterofHands,EventMode55_TheDevilWithin,EventMode568P_Ditto,EventMode58_KurbyStrikesBack,EventModeTemplate_BossBattle,EventMode53MasterofHands
01/23/2026 23:25:08: GUI init - loaded savedSelected count=6
01/23/2026 23:25:08: GUI init - built events count=6
01/23/2026 23:25:09: Sync-OnlineFiles failed: The remote server returned an error: (403) Forbidden.
01/23/2026 23:25:09: No files added from online
01/23/2026 23:25:09: Populated Sort list with 6 events; checked count=Microsoft.PowerShell.Commands.GenericMeasureInfo.Count
01/23/2026 23:26:41: Script started. PID=8492, Args=C:\Users\glwex\Documents\GitHub\SSF2-Event-Vault\SSF2 Event Compiler.exe
01/23/2026 23:26:41: Loaded saved selections count=6: EventMode53MasterofHands,EventMode55_TheDevilWithin,EventMode568P_Ditto,EventMode58_KurbyStrikesBack,EventModeTemplate_BossBattle,EventMode53MasterofHands
01/23/2026 23:26:41: GUI init - loaded savedSelected count=6
01/23/2026 23:26:41: GUI init - built events count=6
01/23/2026 23:26:41: Skipped EventMode53MasterofHands.as in online (unchanged)
01/23/2026 23:26:41: Skipped EventMode53MasterofHands.as in files (unchanged)
01/23/2026 23:26:41: No files added from online
01/23/2026 23:26:41: Populated Sort list with 6 events; checked count=Microsoft.PowerShell.Commands.GenericMeasureInfo.Count
01/23/2026 23:27:22: Script started. PID=13136, Args=C:\Users\glwex\Documents\GitHub\SSF2-Event-Vault\SSF2 Event Compiler.exe
01/23/2026 23:27:22: Loaded saved selections count=6: EventMode53MasterofHands,EventMode55_TheDevilWithin,EventMode568P_Ditto,EventMode58_KurbyStrikesBack,EventModeTemplate_BossBattle,EventMode53MasterofHands
01/23/2026 23:27:22: GUI init - loaded savedSelected count=6
01/23/2026 23:27:22: GUI init - built events count=6
01/23/2026 23:27:23: Skipped EventMode53MasterofHands.as in online (unchanged)
01/23/2026 23:27:23: Skipped EventMode53MasterofHands.as in files (unchanged)
01/23/2026 23:27:23: No files added from online
01/23/2026 23:27:23: Populated Sort list with 6 events; checked count=Microsoft.PowerShell.Commands.GenericMeasureInfo.Count
01/23/2026 23:27:53: Script started. PID=26856, Args=C:\Users\glwex\Documents\GitHub\SSF2-Event-Vault\SSF2 Event Compiler.exe
01/23/2026 23:27:53: Loaded saved selections count=6: EventMode53MasterofHands,EventMode55_TheDevilWithin,EventMode568P_Ditto,EventMode58_KurbyStrikesBack,EventModeTemplate_BossBattle,EventMode53MasterofHands
01/23/2026 23:27:53: GUI init - loaded savedSelected count=6
01/23/2026 23:27:53: GUI init - built events count=6
01/23/2026 23:27:54: Skipped EventMode53MasterofHands.as in online (unchanged)
01/23/2026 23:27:54: Skipped EventMode53MasterofHands.as in files (unchanged)
01/23/2026 23:27:54: No files added from online
01/23/2026 23:27:54: Populated Sort list with 6 events; checked count=Microsoft.PowerShell.Commands.GenericMeasureInfo.Count
01/23/2026 23:29:30: Script started. PID=13964, Args=C:\Users\glwex\Documents\GitHub\SSF2-Event-Vault\SSF2 Event Compiler.exe
01/23/2026 23:29:30: Loaded saved selections count=6: EventMode53MasterofHands,EventMode55_TheDevilWithin,EventMode568P_Ditto,EventMode58_KurbyStrikesBack,EventModeTemplate_BossBattle,EventMode53MasterofHands
01/23/2026 23:29:30: GUI init - loaded savedSelected count=6
01/23/2026 23:29:30: GUI init - built events count=6
01/23/2026 23:29:30: Skipped EventMode53MasterofHands.as in online (unchanged)
01/23/2026 23:29:30: Skipped EventMode53MasterofHands.as in files (unchanged)
01/23/2026 23:29:30: No files added from online
01/23/2026 23:29:31: Populated Sort list with 6 events; checked count=Microsoft.PowerShell.Commands.GenericMeasureInfo.Count
01/23/2026 23:30:04: Script started. PID=42068, Args=C:\Users\glwex\Documents\GitHub\SSF2-Event-Vault\SSF2 Event Compiler.exe
01/23/2026 23:30:04: Loaded saved selections count=6: EventMode53MasterofHands,EventMode55_TheDevilWithin,EventMode568P_Ditto,EventMode58_KurbyStrikesBack,EventModeTemplate_BossBattle,EventMode53MasterofHands
01/23/2026 23:30:04: GUI init - loaded savedSelected count=6
01/23/2026 23:30:04: GUI init - built events count=6
01/23/2026 23:30:05: Skipped EventMode53MasterofHands.as in online (unchanged)
01/23/2026 23:30:05: Skipped EventMode53MasterofHands.as in files (unchanged)
01/23/2026 23:30:05: No files added from online
01/23/2026 23:30:05: Populated Sort list with 6 events; checked count=Microsoft.PowerShell.Commands.GenericMeasureInfo.Count
